2025-03-24 08:51:37,984 [INFO] Activator:176 - 


2025-03-24 08:51:37,986 [INFO] Activator:177 - !SESSION log4j initialized
2025-03-24 08:51:41,429 [INFO] LogOutputStream:77 - [STDOUT_REDIRECT] 
2025-03-24 08:51:44,203 [INFO] ApplicationProperties:184 - Using Application install path: C:\ST\STM32CubeIDE_1.18.0\STM32CubeIDE\plugins\com.st.stm32cube.common.mx_6.14.0.202502271554
2025-03-24 08:51:44,225 [INFO] DbMcusXml:78 - Set database path to: C:\ST\STM32CubeIDE_1.18.0\STM32CubeIDE\plugins\com.st.stm32cube.common.mx_6.14.0.202502271554\\db\/mcu/
2025-03-24 08:51:44,225 [INFO] ApiDb:274 - Set plugin database path to: C:\ST\STM32CubeIDE_1.18.0\STM32CubeIDE\plugins\com.st.stm32cube.common.mx_6.14.0.202502271554\\db\/plugins/boardmanager/
2025-03-24 08:51:44,226 [WARN] ApiDb:259 - Overriding images path with different value:  => C:\ST\STM32CubeIDE_1.18.0\STM32CubeIDE\plugins\com.st.stm32cube.common.mx_6.14.0.202502271554\\db\/plugins/mcufinder/images/
2025-03-24 08:51:44,234 [INFO] ApiDb:250 - Set database path to: C:\Users\hugoc\.stmcufinder\plugins\mcufinder//mcu/
2025-03-24 08:51:44,236 [INFO] DbMcusAds:125 - Set database path to: C:\Users\hugoc\.stmcufinder\plugins\mcufinder//mcu/
2025-03-24 08:51:44,239 [INFO] CrossReferenceDbSqlite:203 - Set database path to: C:\Users\hugoc\.stmcufinder\plugins\mcufinder//mcu/cs/
2025-03-24 08:51:44,384 [INFO] RulesReader:64 - Compatibility file has been processed (301 Rules)
2025-03-24 08:51:44,477 [INFO] DbMcusXml:78 - Set database path to: C:\ST\STM32CubeIDE_1.18.0\STM32CubeIDE\plugins\com.st.stm32cube.common.mx_6.14.0.202502271554\\db\/mcu/
2025-03-24 08:51:44,477 [INFO] ApiDb:274 - Set plugin database path to: C:\ST\STM32CubeIDE_1.18.0\STM32CubeIDE\plugins\com.st.stm32cube.common.mx_6.14.0.202502271554\\db\/plugins/boardmanager/
2025-03-24 08:51:44,477 [INFO] ApiDb:261 - Set plugin images path to: C:\ST\STM32CubeIDE_1.18.0\STM32CubeIDE\plugins\com.st.stm32cube.common.mx_6.14.0.202502271554\\db\/plugins/mcufinder/images/
2025-03-24 08:51:44,478 [WARN] DbFile:41 - Overriding database path with different value: C:\Users\hugoc\.stmcufinder\plugins\mcufinder/ => C:\Users\hugoc\.stmcufinder\plugins\mcufinder
2025-03-24 08:51:44,478 [INFO] ApiDb:250 - Set database path to: C:\Users\hugoc\.stmcufinder\plugins\mcufinder//mcu/
2025-03-24 08:51:44,478 [WARN] DbFile:41 - Overriding database path with different value: C:\Users\hugoc\.stmcufinder\plugins\mcufinder/ => C:\Users\hugoc\.stmcufinder\plugins\mcufinder
2025-03-24 08:51:44,478 [INFO] DbMcusAds:125 - Set database path to: C:\Users\hugoc\.stmcufinder\plugins\mcufinder//mcu/
2025-03-24 08:51:44,478 [WARN] DbFile:41 - Overriding database path with different value: C:\Users\hugoc\.stmcufinder\plugins\mcufinder/ => C:\Users\hugoc\.stmcufinder\plugins\mcufinder
2025-03-24 08:51:44,478 [WARN] DbFile:41 - Overriding database path with different value: C:\Users\hugoc\.stmcufinder\plugins\mcufinder/ => C:\Users\hugoc\.stmcufinder\plugins\mcufinder
2025-03-24 08:51:44,478 [INFO] CrossReferenceDbSqlite:203 - Set database path to: C:\Users\hugoc\.stmcufinder\plugins\mcufinder//mcu/cs/
2025-03-24 08:51:44,552 [INFO] MainPanel:272 - HeapMemory: 268435456
2025-03-24 08:51:44,652 [INFO] DbMcusXml:78 - Set database path to: C:\ST\STM32CubeIDE_1.18.0\STM32CubeIDE\plugins\com.st.stm32cube.common.mx_6.14.0.202502271554\\db\/mcu/
2025-03-24 08:51:44,652 [INFO] ApiDb:274 - Set plugin database path to: C:\ST\STM32CubeIDE_1.18.0\STM32CubeIDE\plugins\com.st.stm32cube.common.mx_6.14.0.202502271554\\db\/plugins/boardmanager/
2025-03-24 08:51:44,652 [INFO] ApiDb:261 - Set plugin images path to: C:\ST\STM32CubeIDE_1.18.0\STM32CubeIDE\plugins\com.st.stm32cube.common.mx_6.14.0.202502271554\\db\/plugins/mcufinder/images/
2025-03-24 08:51:44,653 [WARN] DbFile:41 - Overriding database path with different value: C:\Users\hugoc\.stmcufinder\plugins\mcufinder/ => C:\Users\hugoc\.stmcufinder\plugins\mcufinder
2025-03-24 08:51:44,653 [INFO] ApiDb:250 - Set database path to: C:\Users\hugoc\.stmcufinder\plugins\mcufinder//mcu/
2025-03-24 08:51:44,653 [WARN] DbFile:41 - Overriding database path with different value: C:\Users\hugoc\.stmcufinder\plugins\mcufinder/ => C:\Users\hugoc\.stmcufinder\plugins\mcufinder
2025-03-24 08:51:44,653 [INFO] DbMcusAds:125 - Set database path to: C:\Users\hugoc\.stmcufinder\plugins\mcufinder//mcu/
2025-03-24 08:51:44,654 [WARN] DbFile:41 - Overriding database path with different value: C:\Users\hugoc\.stmcufinder\plugins\mcufinder/ => C:\Users\hugoc\.stmcufinder\plugins\mcufinder
2025-03-24 08:51:44,654 [WARN] DbFile:41 - Overriding database path with different value: C:\Users\hugoc\.stmcufinder\plugins\mcufinder/ => C:\Users\hugoc\.stmcufinder\plugins\mcufinder
2025-03-24 08:51:44,654 [INFO] CrossReferenceDbSqlite:203 - Set database path to: C:\Users\hugoc\.stmcufinder\plugins\mcufinder//mcu/cs/
2025-03-24 08:51:44,674 [INFO] ApplicationProperties:184 - Using Application install path: C:\ST\STM32CubeIDE_1.18.0\STM32CubeIDE\plugins\com.st.stm32cube.common.mx_6.14.0.202502271554
2025-03-24 08:51:44,676 [INFO] PluginManage:196 - Search for loadable plugins [exclusion list=, ]
2025-03-24 08:51:44,677 [INFO] PluginManage:310 - Check plugin analytics
2025-03-24 08:51:44,889 [INFO] AnalyticsPlugin:253 - Accepted Software Licenses: 
2025-03-24 08:51:44,889 [INFO] AnalyticsPlugin:255 - Accepted CMSIS Pack Licenses: 
2025-03-24 08:51:44,889 [INFO] AnalyticsPlugin:257 - Accepted Firmware Licenses: FW.L4.1.18.0
2025-03-24 08:51:44,894 [INFO] PluginManage:359 - Loaded plugin analytics (category:tool,tabindex:-1)
2025-03-24 08:51:44,894 [INFO] PluginManage:310 - Check plugin cadmodel
2025-03-24 08:51:44,899 [INFO] CADModel:105 - Init CAD model plugin
2025-03-24 08:51:44,899 [INFO] PluginManage:359 - Loaded plugin cadmodel (category:power,tabindex:5)
2025-03-24 08:51:44,899 [INFO] PluginManage:310 - Check plugin clock
2025-03-24 08:51:44,909 [INFO] PluginManage:359 - Loaded plugin clock (category:base,tabindex:2)
2025-03-24 08:51:44,909 [INFO] PluginManage:310 - Check plugin ddr
2025-03-24 08:51:44,913 [INFO] PluginManage:359 - Loaded plugin ddr (category:tool,tabindex:6)
2025-03-24 08:51:44,913 [INFO] PluginManage:310 - Check plugin filemanager
2025-03-24 08:51:45,306 [INFO] PluginManage:359 - Loaded plugin filemanager (category:base,tabindex:10)
2025-03-24 08:51:45,307 [INFO] PluginManage:310 - Check plugin ipmanager
2025-03-24 08:51:45,315 [INFO] PluginManage:359 - Loaded plugin ipmanager (category:base,tabindex:5)
2025-03-24 08:51:45,315 [INFO] PluginManage:310 - Check plugin lpbam
2025-03-24 08:51:45,325 [INFO] PluginManage:359 - Loaded plugin lpbam (category:base,tabindex:0)
2025-03-24 08:51:45,325 [INFO] PluginManage:310 - Check plugin memorymap
2025-03-24 08:51:45,340 [INFO] PluginManage:359 - Loaded plugin memorymap (category:base,tabindex:4)
2025-03-24 08:51:45,340 [INFO] PluginManage:310 - Check plugin pinoutandconfiguration
2025-03-24 08:51:45,349 [INFO] PluginManage:359 - Loaded plugin pinoutandconfiguration (category:base,tabindex:1)
2025-03-24 08:51:45,349 [INFO] PluginManage:310 - Check plugin pinoutconfig
2025-03-24 08:51:45,462 [WARN] SupportedApi:132 - Cannot load RTOS API schema: s4s-elt-must-match.1: The content of 'definitions' must match (annotation?, (simpleType | complexType)?, (unique | key | keyref)*)). A problem was found starting at: attribute.
2025-03-24 08:51:45,657 [INFO] PluginManage:359 - Loaded plugin pinoutconfig (category:base,tabindex:0)
2025-03-24 08:51:45,658 [INFO] PluginManage:310 - Check plugin power
2025-03-24 08:51:45,668 [INFO] PluginManage:359 - Loaded plugin power (category:power,tabindex:4)
2025-03-24 08:51:45,668 [INFO] PluginManage:310 - Check plugin projectmanager
2025-03-24 08:51:45,693 [INFO] PluginManage:359 - Loaded plugin projectmanager (category:projectmanager,tabindex:4)
2025-03-24 08:51:45,694 [INFO] PluginManage:310 - Check plugin rif
2025-03-24 08:51:45,704 [INFO] PluginManage:359 - Loaded plugin rif (category:base,tabindex:3)
2025-03-24 08:51:45,704 [INFO] PluginManage:310 - Check plugin thirdparty
2025-03-24 08:51:45,868 [INFO] PluginManage:359 - Loaded plugin thirdparty (category:base,tabindex:-1)
2025-03-24 08:51:45,869 [INFO] PluginManage:310 - Check plugin tools
2025-03-24 08:51:45,872 [INFO] PluginManage:359 - Loaded plugin tools (category:base,tabindex:7)
2025-03-24 08:51:45,872 [INFO] PluginManage:310 - Check plugin tutovideos
2025-03-24 08:51:45,879 [WARN] IntegrityCheckThread:84 - waiting for thirdparty lock release [integrity check]
2025-03-24 08:51:45,881 [INFO] IntegrityCheckThread:86 - entering critical section [integrity check]
2025-03-24 08:51:45,883 [INFO] ThirdPartyUpdaterWithRetryManager:70 - Updater plugin not ready yet. [1/15]
2025-03-24 08:51:46,121 [INFO] PluginManage:359 - Loaded plugin tutovideos (category:base,tabindex:-1)
2025-03-24 08:51:46,121 [INFO] PluginManage:310 - Check plugin updater
2025-03-24 08:51:46,162 [INFO] PluginManage:359 - Loaded plugin updater (category:base,tabindex:12)
2025-03-24 08:51:46,162 [INFO] PluginManage:310 - Check plugin userauth
2025-03-24 08:51:46,166 [INFO] UserAuth:118 - Init User Auth plugin
2025-03-24 08:51:46,167 [INFO] PluginManage:359 - Loaded plugin userauth (category:base,tabindex:14)
2025-03-24 08:51:46,168 [INFO] PluginManage:283 - PluginManage : Loaded plugins [18]
2025-03-24 08:51:46,518 [INFO] PinOutPanel:1589 - setPackage(No Configuration,No Configuration)
2025-03-24 08:51:46,643 [INFO] CADModel:165 - CPN selected for project level
2025-03-24 08:51:46,643 [INFO] CADModel:114 - Register for checkConnection events
2025-03-24 08:51:46,659 [INFO] IPUIPlugin:80 - create IPUIPlugin
2025-03-24 08:51:46,659 [INFO] PluginManager:220 - loadIPPluginJar : add adc
2025-03-24 08:51:46,662 [INFO] IPUIPlugin:80 - create IPUIPlugin
2025-03-24 08:51:46,662 [INFO] PluginManager:220 - loadIPPluginJar : add aes
2025-03-24 08:51:46,665 [INFO] IPUIPlugin:80 - create IPUIPlugin
2025-03-24 08:51:46,665 [INFO] PluginManager:220 - loadIPPluginJar : add can
2025-03-24 08:51:46,667 [INFO] IPUIPlugin:80 - create IPUIPlugin
2025-03-24 08:51:46,667 [INFO] PluginManager:220 - loadIPPluginJar : add comp
2025-03-24 08:51:46,669 [INFO] IPUIPlugin:80 - create IPUIPlugin
2025-03-24 08:51:46,670 [INFO] PluginManager:220 - loadIPPluginJar : add cryp
2025-03-24 08:51:46,672 [INFO] IPUIPlugin:80 - create IPUIPlugin
2025-03-24 08:51:46,672 [INFO] PluginManager:220 - loadIPPluginJar : add ddr_ctrl_phy
2025-03-24 08:51:46,675 [INFO] IPUIPlugin:80 - create IPUIPlugin
2025-03-24 08:51:46,675 [INFO] PluginManager:220 - loadIPPluginJar : add dfsdm
2025-03-24 08:51:46,680 [INFO] IPUIPlugin:80 - create IPUIPlugin
2025-03-24 08:51:46,680 [INFO] PluginManager:220 - loadIPPluginJar : add dma
2025-03-24 08:51:46,683 [INFO] IPUIPlugin:80 - create IPUIPlugin
2025-03-24 08:51:46,683 [INFO] PluginManager:220 - loadIPPluginJar : add dma3
2025-03-24 08:51:46,686 [INFO] IPUIPlugin:80 - create IPUIPlugin
2025-03-24 08:51:46,686 [INFO] PluginManager:220 - loadIPPluginJar : add extmemmanager
2025-03-24 08:51:46,688 [INFO] IPUIPlugin:80 - create IPUIPlugin
2025-03-24 08:51:46,688 [INFO] PluginManager:220 - loadIPPluginJar : add fatfs
2025-03-24 08:51:46,692 [INFO] IPUIPlugin:80 - create IPUIPlugin
2025-03-24 08:51:46,693 [INFO] PluginManager:220 - loadIPPluginJar : add fmc
2025-03-24 08:51:46,698 [INFO] IPUIPlugin:80 - create IPUIPlugin
2025-03-24 08:51:46,699 [INFO] PluginManager:220 - loadIPPluginJar : add freertos
2025-03-24 08:51:46,701 [INFO] IPUIPlugin:80 - create IPUIPlugin
2025-03-24 08:51:46,701 [INFO] PluginManager:220 - loadIPPluginJar : add genericplugin
2025-03-24 08:51:46,704 [INFO] IPUIPlugin:80 - create IPUIPlugin
2025-03-24 08:51:46,704 [INFO] PluginManager:220 - loadIPPluginJar : add gfxmmu
2025-03-24 08:51:46,709 [INFO] IPUIPlugin:80 - create IPUIPlugin
2025-03-24 08:51:46,709 [INFO] PluginManager:220 - loadIPPluginJar : add gic
2025-03-24 08:51:46,713 [INFO] IPUIPlugin:80 - create IPUIPlugin
2025-03-24 08:51:46,714 [INFO] PluginManager:220 - loadIPPluginJar : add gpio
2025-03-24 08:51:46,720 [INFO] IPUIPlugin:80 - create IPUIPlugin
2025-03-24 08:51:46,720 [INFO] PluginManager:220 - loadIPPluginJar : add gtzc
2025-03-24 08:51:46,723 [INFO] IPUIPlugin:80 - create IPUIPlugin
2025-03-24 08:51:46,724 [INFO] PluginManager:220 - loadIPPluginJar : add hash
2025-03-24 08:51:46,727 [INFO] IPUIPlugin:80 - create IPUIPlugin
2025-03-24 08:51:46,727 [INFO] PluginManager:220 - loadIPPluginJar : add i2c
2025-03-24 08:51:46,730 [INFO] IPUIPlugin:80 - create IPUIPlugin
2025-03-24 08:51:46,731 [INFO] PluginManager:220 - loadIPPluginJar : add i2s
2025-03-24 08:51:46,734 [INFO] IPUIPlugin:80 - create IPUIPlugin
2025-03-24 08:51:46,734 [INFO] PluginManager:220 - loadIPPluginJar : add i3c
2025-03-24 08:51:46,738 [INFO] IPUIPlugin:80 - create IPUIPlugin
2025-03-24 08:51:46,739 [INFO] PluginManager:220 - loadIPPluginJar : add ipddr
2025-03-24 08:51:46,746 [INFO] IPUIPlugin:80 - create IPUIPlugin
2025-03-24 08:51:46,746 [INFO] PluginManager:220 - loadIPPluginJar : add linkedlist
2025-03-24 08:51:46,755 [INFO] IPUIPlugin:80 - create IPUIPlugin
2025-03-24 08:51:46,756 [INFO] PluginManager:220 - loadIPPluginJar : add lorawan
2025-03-24 08:51:46,758 [INFO] IPUIPlugin:80 - create IPUIPlugin
2025-03-24 08:51:46,758 [INFO] PluginManager:220 - loadIPPluginJar : add ltdc
2025-03-24 08:51:46,764 [INFO] IPUIPlugin:80 - create IPUIPlugin
2025-03-24 08:51:46,764 [INFO] PluginManager:220 - loadIPPluginJar : add mdma
2025-03-24 08:51:46,768 [INFO] IPUIPlugin:80 - create IPUIPlugin
2025-03-24 08:51:46,768 [INFO] PluginManager:220 - loadIPPluginJar : add nvic
2025-03-24 08:51:46,771 [INFO] IPUIPlugin:80 - create IPUIPlugin
2025-03-24 08:51:46,772 [INFO] PluginManager:220 - loadIPPluginJar : add opamp
2025-03-24 08:51:46,775 [INFO] IPUIPlugin:80 - create IPUIPlugin
2025-03-24 08:51:46,775 [INFO] PluginManager:220 - loadIPPluginJar : add openamp
2025-03-24 08:51:46,779 [INFO] IPUIPlugin:80 - create IPUIPlugin
2025-03-24 08:51:46,779 [INFO] PluginManager:220 - loadIPPluginJar : add pdm2pcm
2025-03-24 08:51:46,785 [INFO] IPUIPlugin:80 - create IPUIPlugin
2025-03-24 08:51:46,789 [INFO] PluginManager:220 - loadIPPluginJar : add plateformsettings
2025-03-24 08:51:46,791 [INFO] IPUIPlugin:80 - create IPUIPlugin
2025-03-24 08:51:46,791 [INFO] PluginManager:220 - loadIPPluginJar : add quadspi
2025-03-24 08:51:46,794 [INFO] IPUIPlugin:80 - create IPUIPlugin
2025-03-24 08:51:46,795 [INFO] PluginManager:220 - loadIPPluginJar : add radio
2025-03-24 08:51:46,799 [INFO] IPUIPlugin:80 - create IPUIPlugin
2025-03-24 08:51:46,799 [INFO] PluginManager:220 - loadIPPluginJar : add resmgrutility
2025-03-24 08:51:46,805 [INFO] IPUIPlugin:80 - create IPUIPlugin
2025-03-24 08:51:46,806 [INFO] PluginManager:220 - loadIPPluginJar : add sai
2025-03-24 08:51:46,809 [INFO] IPUIPlugin:80 - create IPUIPlugin
2025-03-24 08:51:46,810 [INFO] PluginManager:220 - loadIPPluginJar : add spi
2025-03-24 08:51:46,817 [INFO] IPUIPlugin:80 - create IPUIPlugin
2025-03-24 08:51:46,817 [INFO] PluginManager:220 - loadIPPluginJar : add stm32_wpan
2025-03-24 08:51:46,820 [INFO] IPUIPlugin:80 - create IPUIPlugin
2025-03-24 08:51:46,820 [INFO] PluginManager:220 - loadIPPluginJar : add tim
2025-03-24 08:51:46,823 [INFO] IPUIPlugin:80 - create IPUIPlugin
2025-03-24 08:51:46,824 [INFO] PluginManager:220 - loadIPPluginJar : add touchsensing
2025-03-24 08:51:46,826 [INFO] IPUIPlugin:80 - create IPUIPlugin
2025-03-24 08:51:46,826 [INFO] PluginManager:220 - loadIPPluginJar : add tracer_emb
2025-03-24 08:51:46,828 [INFO] IPUIPlugin:80 - create IPUIPlugin
2025-03-24 08:51:46,828 [INFO] PluginManager:220 - loadIPPluginJar : add ts
2025-03-24 08:51:46,831 [INFO] IPUIPlugin:80 - create IPUIPlugin
2025-03-24 08:51:46,831 [INFO] PluginManager:220 - loadIPPluginJar : add tsc
2025-03-24 08:51:46,833 [INFO] IPUIPlugin:80 - create IPUIPlugin
2025-03-24 08:51:46,833 [INFO] PluginManager:220 - loadIPPluginJar : add ucpd
2025-03-24 08:51:46,837 [INFO] IPUIPlugin:80 - create IPUIPlugin
2025-03-24 08:51:46,837 [INFO] PluginManager:220 - loadIPPluginJar : add usart
2025-03-24 08:51:46,841 [INFO] IPUIPlugin:80 - create IPUIPlugin
2025-03-24 08:51:46,841 [INFO] PluginManager:220 - loadIPPluginJar : add usbx
2025-03-24 08:51:46,982 [FATAL] Updater:351 - Updater called before beeing initialized
2025-03-24 08:51:47,095 [INFO] RulesReader:64 - Compatibility file has been processed (301 Rules)
2025-03-24 08:51:47,131 [INFO] RulesReader:64 - Compatibility file has been processed (301 Rules)
2025-03-24 08:51:47,141 [INFO] CADModel:165 - CPN selected for project level
2025-03-24 08:51:47,141 [INFO] CADModel:114 - Register for checkConnection events
2025-03-24 08:51:47,141 [FATAL] Updater:351 - Updater called before beeing initialized
2025-03-24 08:51:47,141 [ERROR] CADModel:125 - Updater not yet initialized, retry later 
2025-03-24 08:51:47,294 [FATAL] Updater:351 - Updater called before beeing initialized
2025-03-24 08:51:47,296 [INFO] CADModel:165 - CPN selected for project level
2025-03-24 08:51:47,296 [INFO] CADModel:114 - Register for checkConnection events
2025-03-24 08:51:47,296 [FATAL] Updater:351 - Updater called before beeing initialized
2025-03-24 08:51:47,296 [ERROR] CADModel:125 - Updater not yet initialized, retry later 
2025-03-24 08:51:47,300 [FATAL] Updater:351 - Updater called before beeing initialized
2025-03-24 08:51:47,409 [FATAL] Updater:351 - Updater called before beeing initialized
2025-03-24 08:51:47,413 [INFO] DbMcusAds:53 - JSON generation date=Thu Mar 06 15:54:21 CET 2025 (1741272861825)
2025-03-24 08:51:47,413 [FATAL] Updater:351 - Updater called before beeing initialized
2025-03-24 08:51:47,451 [WARN] DetailPanel:346 - Failed to get advertising image, set to default
2025-03-24 08:51:47,730 [FATAL] Updater:351 - Updater called before beeing initialized
2025-03-24 08:51:47,732 [FATAL] Updater:351 - Updater called before beeing initialized
2025-03-24 08:51:47,732 [FATAL] Updater:351 - Updater called before beeing initialized
2025-03-24 08:51:47,732 [WARN] DetailPanel:346 - Failed to get advertising image, set to default
2025-03-24 08:51:47,733 [FATAL] Updater:351 - Updater called before beeing initialized
2025-03-24 08:51:47,782 [ERROR] Updater:1198 - MainUpdater not yet initialized. External WinMGr cannot be set.
2025-03-24 08:51:47,784 [INFO] Updater:1134 - Updater Version found : 6.14.0
2025-03-24 08:51:47,800 [INFO] ApplicationProperties:184 - Using Application install path: C:\ST\STM32CubeIDE_1.18.0\STM32CubeIDE\plugins\com.st.stm32cube.common.mx_6.14.0.202502271554
2025-03-24 08:51:48,884 [INFO] ThirdPartyUpdaterWithRetryManager:70 - Updater plugin not ready yet. [2/15]
2025-03-24 08:51:49,380 [ERROR] LogOutputStream:75 - [STDERR_REDIRECT] Mar 24, 2025 8:51:49 AM java.util.prefs.WindowsPreferences <init>
2025-03-24 08:51:49,387 [ERROR] LogOutputStream:75 - [STDERR_REDIRECT] WARNING: Could not open/create prefs root node Software\JavaSoft\Prefs at root 0xffffffff80000002. Windows RegCreateKeyEx(...) returned error code 5.
2025-03-24 08:51:49,388 [ERROR] LogOutputStream:75 - [STDERR_REDIRECT] 
2025-03-24 08:51:49,708 [INFO] MainUpdater:2872 - connection check result : 10
2025-03-24 08:51:49,709 [INFO] MainUpdater:289 - Updater Check For Update Now.
2025-03-24 08:51:49,709 [INFO] MicroXplorer:498 - Change Database Version : DB.6.0.140
2025-03-24 08:51:49,716 [INFO] McuFinderGlobals:63 - Set McuFinder mode to 2 (CubeIDE integrated)
2025-03-24 08:51:49,717 [INFO] UserAuth:486 - Internet connection configuration mode: 1
2025-03-24 08:51:49,761 [INFO] JxBrowserEngine:152 - Initiate JxBrowser Engine with user profile folder
2025-03-24 08:51:49,929 [INFO] CheckServerUpdateThread:120 - End of CheckServer Thread
2025-03-24 08:51:50,618 [INFO] WebApp:169 - Instantiating new browser for Auth
2025-03-24 08:51:51,387 [INFO] WebApp:463 - Apply proxy settings
2025-03-24 08:51:51,387 [INFO] WebApp:548 - Chromium requires no authentication
2025-03-24 08:51:51,397 [INFO] WebApp:491 - Direct internet connection detected
2025-03-24 08:51:51,424 [INFO] WebApp:894 - Register for checkConnection events
2025-03-24 08:51:51,424 [INFO] WebApp:463 - Apply proxy settings
2025-03-24 08:51:51,424 [INFO] WebApp:548 - Chromium requires no authentication
2025-03-24 08:51:51,425 [INFO] WebApp:491 - Direct internet connection detected
2025-03-24 08:51:51,568 [INFO] WebApp:191 - Connection restablished
2025-03-24 08:51:51,640 [INFO] WebApp:225 - Starting web application
2025-03-24 08:51:51,640 [INFO] WebApp:593 - Web application path used C:\ST\STM32CubeIDE_1.18.0\STM32CubeIDE\plugins\com.st.stm32cube.common.mx_6.14.0.202502271554\db\plugins\mcufinder\reactClient1\index.html
2025-03-24 08:51:51,783 [INFO] UserAuth:486 - Internet connection configuration mode: 1
2025-03-24 08:51:52,323 [WARN] PackLoader:240 - Cannot read IP mode file for STMicroelectronics.FP-SNS-MOTENVWB1.1.4.0
2025-03-24 08:51:52,339 [WARN] PackLoader:240 - Cannot read IP mode file for STMicroelectronics.FP-ATR-ASTRA1.2.0.2
2025-03-24 08:51:52,353 [WARN] PackLoader:240 - Cannot read IP mode file for STMicroelectronics.X-CUBE-SMBUS.2.1.0
2025-03-24 08:51:52,364 [WARN] PackLoader:240 - Cannot read IP mode file for STMicroelectronics.X-CUBE-WB05N.1.1.0
2025-03-24 08:51:52,405 [WARN] PackLoader:240 - Cannot read IP mode file for STMicroelectronics.X-CUBE-AZRTOS-F7.1.1.0
2025-03-24 08:51:52,471 [WARN] PackLoader:240 - Cannot read IP mode file for Infineon.AIROC-Wi-Fi-Bluetooth-STM32.1.7.0
2025-03-24 08:51:52,487 [WARN] PackLoader:240 - Cannot read IP mode file for STMicroelectronics.X-CUBE-DISPLAY.3.0.0
2025-03-24 08:51:52,501 [WARN] PackLoader:240 - Cannot read IP mode file for STMicroelectronics.X-CUBE-NFC10.1.0.0
2025-03-24 08:51:52,518 [WARN] PackLoader:240 - Cannot read IP mode file for STMicroelectronics.X-CUBE-BLEMGR.4.0.0
2025-03-24 08:51:52,530 [WARN] PackLoader:240 - Cannot read IP mode file for emotas.I-CUBE-CANOPEN.1.3.0
2025-03-24 08:51:52,535 [WARN] ConditionMgr:438 - getConditionDescription Invalid condition id : Cortex-A Device cause : null
2025-03-24 08:51:52,548 [WARN] ConditionMgr:1044 - genDependencies : Invalid condition id : Cortex-A Device cause : null
2025-03-24 08:51:52,548 [WARN] ConditionMgr:1044 - genDependencies : Invalid condition id : Cortex-A Device cause : null
2025-03-24 08:51:52,548 [WARN] ConditionMgr:1044 - genDependencies : Invalid condition id : Cortex-A Device cause : null
2025-03-24 08:51:52,553 [WARN] PackLoader:240 - Cannot read IP mode file for STMicroelectronics.X-CUBE-AI.10.0.0
2025-03-24 08:51:52,571 [WARN] PackLoader:240 - Cannot read IP mode file for STMicroelectronics.FP-SNS-SMARTAG2.1.2.0
2025-03-24 08:51:52,576 [WARN] PackLoader:240 - Cannot read IP mode file for STMicroelectronics.FP-SNS-FLIGHT1.5.1.0
2025-03-24 08:51:52,665 [WARN] PackLoader:240 - Cannot read IP mode file for STMicroelectronics.X-CUBE-MEMS1.11.1.0
2025-03-24 08:51:52,889 [INFO] LogOutputStream:77 - [STDOUT_REDIRECT] 1 : Invalid condition id : UX_CORESTACK_Condition cause : null
2025-03-24 08:51:52,890 [INFO] LogOutputStream:77 - [STDOUT_REDIRECT] 1 : Invalid condition id : UX_CORESTACK_Condition cause : null
2025-03-24 08:51:52,892 [INFO] LogOutputStream:77 - [STDOUT_REDIRECT] 1 : Invalid condition id : UX_CORESTACK_Condition cause : null
2025-03-24 08:51:52,894 [INFO] LogOutputStream:77 - [STDOUT_REDIRECT] 1 : Invalid condition id : UX_CORESTACK_Condition cause : null
2025-03-24 08:51:52,896 [INFO] LogOutputStream:77 - [STDOUT_REDIRECT] 1 : Invalid condition id : UX_CORESTACK_Condition cause : null
2025-03-24 08:51:52,900 [WARN] PackLoader:240 - Cannot read IP mode file for STMicroelectronics.X-CUBE-AZRTOS-WL.2.0.0
2025-03-24 08:51:52,906 [WARN] PackLoader:240 - Cannot read IP mode file for STMicroelectronics.FP-SNS-MOTENV1.5.0.0
2025-03-24 08:51:52,916 [WARN] PackLoader:240 - Cannot read IP mode file for WES.I-CUBE-Cesium.1.3.0
2025-03-24 08:51:52,922 [WARN] PackLoader:240 - Cannot read IP mode file for STMicroelectronics.X-CUBE-BLE2.3.3.0
2025-03-24 08:51:52,930 [WARN] PackLoader:240 - Cannot read IP mode file for STMicroelectronics.X-CUBE-NFC9.1.0.0
2025-03-24 08:51:52,937 [WARN] PackLoader:240 - Cannot read IP mode file for STMicroelectronics.X-CUBE-BLE1.7.1.0
2025-03-24 08:51:52,943 [WARN] PackLoader:240 - Cannot read IP mode file for wolfSSL.I-CUBE-wolfMQTT.1.19.2
2025-03-24 08:51:52,985 [WARN] PackLoader:240 - Cannot read IP mode file for STMicroelectronics.X-CUBE-AZRTOS-G0.1.1.0
2025-03-24 08:51:52,993 [WARN] PackLoader:240 - Cannot read IP mode file for STMicroelectronics.X-CUBE-SAFEA1.1.2.2
2025-03-24 08:51:53,000 [WARN] PackLoader:240 - Cannot read IP mode file for STMicroelectronics.X-CUBE-NFC4.3.0.0
2025-03-24 08:51:53,010 [WARN] PackLoader:240 - Cannot read IP mode file for EmbeddedOffice.I-CUBE-FS-RTOS.1.0.1
2025-03-24 08:51:53,015 [WARN] PackLoader:240 - Cannot read IP mode file for wolfSSL.I-CUBE-wolfTPM.3.8.0
2025-03-24 08:51:53,021 [WARN] PackLoader:240 - Cannot read IP mode file for STMicroelectronics.X-CUBE-TCPP.4.2.0
2025-03-24 08:51:53,029 [WARN] PackLoader:240 - Cannot read IP mode file for RealThread.X-CUBE-RT-Thread_Nano.4.1.1
2025-03-24 08:51:53,034 [WARN] PackLoader:240 - Cannot read IP mode file for STMicroelectronics.FP-ATR-SIGFOX1.3.2.0
2025-03-24 08:51:53,040 [WARN] PackLoader:240 - Cannot read IP mode file for STMicroelectronics.X-CUBE-EEPRMA1.5.1.0
2025-03-24 08:51:53,046 [WARN] PackLoader:240 - Cannot read IP mode file for wolfSSL.I-CUBE-wolfSSL.5.7.6
2025-03-24 08:51:53,053 [WARN] PackLoader:240 - Cannot read IP mode file for ITTIA_DB.I-CUBE-ITTIADB.8.9.0
2025-03-24 08:51:53,185 [WARN] PackLoader:240 - Cannot read IP mode file for SEGGER.I-CUBE-embOS.1.3.1
2025-03-24 08:51:53,255 [WARN] PackLoader:240 - Cannot read IP mode file for STMicroelectronics.X-CUBE-ALGOBUILD.1.4.0
2025-03-24 08:51:53,272 [WARN] PackLoader:240 - Cannot read IP mode file for STMicroelectronics.X-CUBE-AZRTOS-F4.1.1.0
2025-03-24 08:51:53,279 [WARN] PackLoader:240 - Cannot read IP mode file for STMicroelectronics.X-CUBE-ISPU.2.1.0
2025-03-24 08:51:53,294 [WARN] PackLoader:240 - Cannot read IP mode file for STMicroelectronics.X-CUBE-AZRTOS-L5.2.0.0
2025-03-24 08:51:53,303 [WARN] PackLoader:240 - Cannot read IP mode file for STMicroelectronics.X-CUBE-NFC6.3.1.0
2025-03-24 08:51:53,329 [WARN] PackLoader:240 - Cannot read IP mode file for STMicroelectronics.X-CUBE-DPower.1.2.0
2025-03-24 08:51:53,334 [WARN] PackLoader:240 - Cannot read IP mode file for STMicroelectronics.X-CUBE-FREERTOS.1.3.0
2025-03-24 08:51:53,339 [WARN] PackLoader:240 - Cannot read IP mode file for STMicroelectronics.X-CUBE-NFC7.1.0.1
2025-03-24 08:51:53,356 [WARN] ConditionMgr:438 - getConditionDescription Invalid condition id : LAN8742 Phy interface Condition cause : null
2025-03-24 08:51:53,357 [WARN] PackLoader:240 - Cannot read IP mode file for STMicroelectronics.X-CUBE-AZRTOS-L4.2.0.0
2025-03-24 08:51:53,358 [WARN] ConditionMgr:1044 - genDependencies : Invalid condition id : LAN8742 Phy interface Condition cause : null
2025-03-24 08:51:53,358 [WARN] ConditionMgr:1044 - genDependencies : Invalid condition id : LAN8742 Phy interface Condition cause : null
2025-03-24 08:51:53,359 [WARN] ConditionMgr:1044 - genDependencies : Invalid condition id : LAN8742 Phy interface Condition cause : null
2025-03-24 08:51:53,366 [WARN] PackLoader:240 - Cannot read IP mode file for STMicroelectronics.X-CUBE-SFXS2LP1.4.0.0
2025-03-24 08:51:53,386 [WARN] PackLoader:240 - Cannot read IP mode file for STMicroelectronics.X-CUBE-AZRTOS-H7.3.3.0
2025-03-24 08:51:53,401 [WARN] ConditionMgr:438 - getConditionDescription Invalid condition id : UX DEVICE CLASS RTOS Condition cause : null
2025-03-24 08:51:53,402 [WARN] ConditionMgr:438 - getConditionDescription Invalid condition id : UX DEVICE CLASS RTOS Condition cause : null
2025-03-24 08:51:53,403 [WARN] PackLoader:240 - Cannot read IP mode file for STMicroelectronics.X-CUBE-AZRTOS-WB.2.0.0
2025-03-24 08:51:53,404 [WARN] ConditionMgr:1044 - genDependencies : Invalid condition id : UX DEVICE CLASS RTOS Condition cause : null
2025-03-24 08:51:53,404 [WARN] ConditionMgr:1044 - genDependencies : Invalid condition id : UX DEVICE CLASS RTOS Condition cause : null
2025-03-24 08:51:53,405 [WARN] ConditionMgr:1044 - genDependencies : Invalid condition id : UX DEVICE CLASS RTOS Condition cause : null
2025-03-24 08:51:53,405 [WARN] ConditionMgr:1044 - genDependencies : Invalid condition id : UX DEVICE CLASS RTOS Condition cause : null
2025-03-24 08:51:53,405 [WARN] ConditionMgr:1044 - genDependencies : Invalid condition id : UX DEVICE CLASS RTOS Condition cause : null
2025-03-24 08:51:53,410 [WARN] PackLoader:240 - Cannot read IP mode file for STMicroelectronics.X-CUBE-GNSS1.7.0.1
2025-03-24 08:51:53,417 [WARN] PackLoader:240 - Cannot read IP mode file for STMicroelectronics.X-CUBE-TOUCHGFX.4.25.0
2025-03-24 08:51:53,423 [WARN] PackLoader:240 - Cannot read IP mode file for STMicroelectronics.FP-SNS-STBOX1.2.0.0
2025-03-24 08:51:53,452 [WARN] PackLoader:240 - Cannot read IP mode file for STMicroelectronics.X-CUBE-SUBG2.5.0.0
2025-03-24 08:51:53,472 [WARN] PackLoader:240 - Cannot read IP mode file for STMicroelectronics.X-CUBE-AZRTOS-H7RS.1.1.0
2025-03-24 08:51:53,478 [WARN] PackLoader:240 - Cannot read IP mode file for Cesanta.I-CUBE-Mongoose.7.13.0
2025-03-24 08:51:53,492 [WARN] PackLoader:240 - Cannot read IP mode file for STMicroelectronics.X-CUBE-AZRTOS-G4.2.0.0
2025-03-24 08:51:53,497 [WARN] PackLoader:240 - Cannot read IP mode file for wolfSSL.I-CUBE-wolfSSH.1.4.20
2025-03-24 08:51:53,510 [WARN] PackLoader:240 - Cannot read IP mode file for STMicroelectronics.X-CUBE-IPS.3.1.0
2025-03-24 08:51:53,527 [WARN] PackLoader:240 - Cannot read IP mode file for STMicroelectronics.X-CUBE-ALS.1.0.2
2025-03-24 08:51:53,537 [WARN] PackLoader:240 - Cannot read IP mode file for portGmbH.I-Cube-SoM-uGOAL.1.1.0
2025-03-24 08:51:53,579 [WARN] PackLoader:240 - Cannot read IP mode file for STMicroelectronics.X-CUBE-AZRTOS-H7RS.1.0.0
2025-03-24 08:51:53,591 [WARN] PackLoader:240 - Cannot read IP mode file for STMicroelectronics.X-CUBE-TOF1.3.4.2
2025-03-24 08:51:53,601 [INFO] ThirdParty:978 - Integrity check success = true
2025-03-24 08:51:53,601 [INFO] IntegrityCheckThread:100 - exiting critical section [integrity check]
2025-03-24 08:51:53,601 [INFO] IntegrityCheckThread:103 - End integrity checks thread
2025-03-24 08:53:06,227 [ERROR] LogOutputStream:75 - [STDERR_REDIRECT] 
2025-03-24 08:53:06,228 [ERROR] LogOutputStream:75 - [STDERR_REDIRECT] 
2025-03-24 08:53:16,402 [INFO] Activator:176 - 


2025-03-24 08:53:16,405 [INFO] Activator:177 - !SESSION log4j initialized
2025-03-24 08:53:19,368 [INFO] LogOutputStream:77 - [STDOUT_REDIRECT] 
2025-03-24 08:53:33,205 [INFO] ApplicationProperties:184 - Using Application install path: C:\ST\STM32CubeIDE_1.18.0\STM32CubeIDE\plugins\com.st.stm32cube.common.mx_6.14.0.202502271554
2025-03-24 08:53:33,226 [INFO] DbMcusXml:78 - Set database path to: C:\ST\STM32CubeIDE_1.18.0\STM32CubeIDE\plugins\com.st.stm32cube.common.mx_6.14.0.202502271554\\db\/mcu/
2025-03-24 08:53:33,227 [INFO] ApiDb:274 - Set plugin database path to: C:\ST\STM32CubeIDE_1.18.0\STM32CubeIDE\plugins\com.st.stm32cube.common.mx_6.14.0.202502271554\\db\/plugins/boardmanager/
2025-03-24 08:53:33,227 [WARN] ApiDb:259 - Overriding images path with different value:  => C:\ST\STM32CubeIDE_1.18.0\STM32CubeIDE\plugins\com.st.stm32cube.common.mx_6.14.0.202502271554\\db\/plugins/mcufinder/images/
2025-03-24 08:53:33,233 [INFO] ApiDb:250 - Set database path to: C:\Users\hugoc\.stmcufinder\plugins\mcufinder//mcu/
2025-03-24 08:53:33,234 [INFO] DbMcusAds:125 - Set database path to: C:\Users\hugoc\.stmcufinder\plugins\mcufinder//mcu/
2025-03-24 08:53:33,241 [INFO] CrossReferenceDbSqlite:203 - Set database path to: C:\Users\hugoc\.stmcufinder\plugins\mcufinder//mcu/cs/
2025-03-24 08:53:33,384 [INFO] RulesReader:64 - Compatibility file has been processed (301 Rules)
2025-03-24 08:53:33,480 [INFO] DbMcusXml:78 - Set database path to: C:\ST\STM32CubeIDE_1.18.0\STM32CubeIDE\plugins\com.st.stm32cube.common.mx_6.14.0.202502271554\\db\/mcu/
2025-03-24 08:53:33,480 [INFO] ApiDb:274 - Set plugin database path to: C:\ST\STM32CubeIDE_1.18.0\STM32CubeIDE\plugins\com.st.stm32cube.common.mx_6.14.0.202502271554\\db\/plugins/boardmanager/
2025-03-24 08:53:33,480 [INFO] ApiDb:261 - Set plugin images path to: C:\ST\STM32CubeIDE_1.18.0\STM32CubeIDE\plugins\com.st.stm32cube.common.mx_6.14.0.202502271554\\db\/plugins/mcufinder/images/
2025-03-24 08:53:33,480 [WARN] DbFile:41 - Overriding database path with different value: C:\Users\hugoc\.stmcufinder\plugins\mcufinder/ => C:\Users\hugoc\.stmcufinder\plugins\mcufinder
2025-03-24 08:53:33,480 [INFO] ApiDb:250 - Set database path to: C:\Users\hugoc\.stmcufinder\plugins\mcufinder//mcu/
2025-03-24 08:53:33,480 [WARN] DbFile:41 - Overriding database path with different value: C:\Users\hugoc\.stmcufinder\plugins\mcufinder/ => C:\Users\hugoc\.stmcufinder\plugins\mcufinder
2025-03-24 08:53:33,480 [INFO] DbMcusAds:125 - Set database path to: C:\Users\hugoc\.stmcufinder\plugins\mcufinder//mcu/
2025-03-24 08:53:33,481 [WARN] DbFile:41 - Overriding database path with different value: C:\Users\hugoc\.stmcufinder\plugins\mcufinder/ => C:\Users\hugoc\.stmcufinder\plugins\mcufinder
2025-03-24 08:53:33,481 [WARN] DbFile:41 - Overriding database path with different value: C:\Users\hugoc\.stmcufinder\plugins\mcufinder/ => C:\Users\hugoc\.stmcufinder\plugins\mcufinder
2025-03-24 08:53:33,481 [INFO] CrossReferenceDbSqlite:203 - Set database path to: C:\Users\hugoc\.stmcufinder\plugins\mcufinder//mcu/cs/
2025-03-24 08:53:33,551 [INFO] MainPanel:272 - HeapMemory: 268435456
2025-03-24 08:53:33,652 [INFO] DbMcusXml:78 - Set database path to: C:\ST\STM32CubeIDE_1.18.0\STM32CubeIDE\plugins\com.st.stm32cube.common.mx_6.14.0.202502271554\\db\/mcu/
2025-03-24 08:53:33,652 [INFO] ApiDb:274 - Set plugin database path to: C:\ST\STM32CubeIDE_1.18.0\STM32CubeIDE\plugins\com.st.stm32cube.common.mx_6.14.0.202502271554\\db\/plugins/boardmanager/
2025-03-24 08:53:33,652 [INFO] ApiDb:261 - Set plugin images path to: C:\ST\STM32CubeIDE_1.18.0\STM32CubeIDE\plugins\com.st.stm32cube.common.mx_6.14.0.202502271554\\db\/plugins/mcufinder/images/
2025-03-24 08:53:33,653 [WARN] DbFile:41 - Overriding database path with different value: C:\Users\hugoc\.stmcufinder\plugins\mcufinder/ => C:\Users\hugoc\.stmcufinder\plugins\mcufinder
2025-03-24 08:53:33,653 [INFO] ApiDb:250 - Set database path to: C:\Users\hugoc\.stmcufinder\plugins\mcufinder//mcu/
2025-03-24 08:53:33,653 [WARN] DbFile:41 - Overriding database path with different value: C:\Users\hugoc\.stmcufinder\plugins\mcufinder/ => C:\Users\hugoc\.stmcufinder\plugins\mcufinder
2025-03-24 08:53:33,653 [INFO] DbMcusAds:125 - Set database path to: C:\Users\hugoc\.stmcufinder\plugins\mcufinder//mcu/
2025-03-24 08:53:33,653 [WARN] DbFile:41 - Overriding database path with different value: C:\Users\hugoc\.stmcufinder\plugins\mcufinder/ => C:\Users\hugoc\.stmcufinder\plugins\mcufinder
2025-03-24 08:53:33,653 [WARN] DbFile:41 - Overriding database path with different value: C:\Users\hugoc\.stmcufinder\plugins\mcufinder/ => C:\Users\hugoc\.stmcufinder\plugins\mcufinder
2025-03-24 08:53:33,654 [INFO] CrossReferenceDbSqlite:203 - Set database path to: C:\Users\hugoc\.stmcufinder\plugins\mcufinder//mcu/cs/
2025-03-24 08:53:33,673 [INFO] ApplicationProperties:184 - Using Application install path: C:\ST\STM32CubeIDE_1.18.0\STM32CubeIDE\plugins\com.st.stm32cube.common.mx_6.14.0.202502271554
2025-03-24 08:53:33,674 [INFO] PluginManage:196 - Search for loadable plugins [exclusion list=, ]
2025-03-24 08:53:33,676 [INFO] PluginManage:310 - Check plugin analytics
2025-03-24 08:53:33,904 [INFO] AnalyticsPlugin:253 - Accepted Software Licenses: 
2025-03-24 08:53:33,905 [INFO] AnalyticsPlugin:255 - Accepted CMSIS Pack Licenses: 
2025-03-24 08:53:33,905 [INFO] AnalyticsPlugin:257 - Accepted Firmware Licenses: FW.L4.1.18.0
2025-03-24 08:53:33,909 [INFO] PluginManage:359 - Loaded plugin analytics (category:tool,tabindex:-1)
2025-03-24 08:53:33,909 [INFO] PluginManage:310 - Check plugin cadmodel
2025-03-24 08:53:33,914 [INFO] CADModel:105 - Init CAD model plugin
2025-03-24 08:53:33,915 [INFO] PluginManage:359 - Loaded plugin cadmodel (category:power,tabindex:5)
2025-03-24 08:53:33,915 [INFO] PluginManage:310 - Check plugin clock
2025-03-24 08:53:33,929 [INFO] PluginManage:359 - Loaded plugin clock (category:base,tabindex:2)
2025-03-24 08:53:33,930 [INFO] PluginManage:310 - Check plugin ddr
2025-03-24 08:53:33,933 [INFO] PluginManage:359 - Loaded plugin ddr (category:tool,tabindex:6)
2025-03-24 08:53:33,933 [INFO] PluginManage:310 - Check plugin filemanager
2025-03-24 08:53:34,151 [INFO] PluginManage:359 - Loaded plugin filemanager (category:base,tabindex:10)
2025-03-24 08:53:34,152 [INFO] PluginManage:310 - Check plugin ipmanager
2025-03-24 08:53:34,161 [INFO] PluginManage:359 - Loaded plugin ipmanager (category:base,tabindex:5)
2025-03-24 08:53:34,162 [INFO] PluginManage:310 - Check plugin lpbam
2025-03-24 08:53:34,173 [INFO] PluginManage:359 - Loaded plugin lpbam (category:base,tabindex:0)
2025-03-24 08:53:34,175 [INFO] PluginManage:310 - Check plugin memorymap
2025-03-24 08:53:34,199 [INFO] PluginManage:359 - Loaded plugin memorymap (category:base,tabindex:4)
2025-03-24 08:53:34,199 [INFO] PluginManage:310 - Check plugin pinoutandconfiguration
2025-03-24 08:53:34,210 [INFO] PluginManage:359 - Loaded plugin pinoutandconfiguration (category:base,tabindex:1)
2025-03-24 08:53:34,210 [INFO] PluginManage:310 - Check plugin pinoutconfig
2025-03-24 08:53:34,346 [WARN] SupportedApi:132 - Cannot load RTOS API schema: s4s-elt-must-match.1: The content of 'definitions' must match (annotation?, (simpleType | complexType)?, (unique | key | keyref)*)). A problem was found starting at: attribute.
2025-03-24 08:53:34,487 [INFO] PluginManage:359 - Loaded plugin pinoutconfig (category:base,tabindex:0)
2025-03-24 08:53:34,488 [INFO] PluginManage:310 - Check plugin power
2025-03-24 08:53:34,495 [INFO] PluginManage:359 - Loaded plugin power (category:power,tabindex:4)
2025-03-24 08:53:34,495 [INFO] PluginManage:310 - Check plugin projectmanager
2025-03-24 08:53:34,512 [INFO] PluginManage:359 - Loaded plugin projectmanager (category:projectmanager,tabindex:4)
2025-03-24 08:53:34,512 [INFO] PluginManage:310 - Check plugin rif
2025-03-24 08:53:34,518 [INFO] PluginManage:359 - Loaded plugin rif (category:base,tabindex:3)
2025-03-24 08:53:34,518 [INFO] PluginManage:310 - Check plugin thirdparty
2025-03-24 08:53:34,641 [INFO] PluginManage:359 - Loaded plugin thirdparty (category:base,tabindex:-1)
2025-03-24 08:53:34,641 [INFO] PluginManage:310 - Check plugin tools
2025-03-24 08:53:34,644 [INFO] PluginManage:359 - Loaded plugin tools (category:base,tabindex:7)
2025-03-24 08:53:34,644 [INFO] PluginManage:310 - Check plugin tutovideos
2025-03-24 08:53:34,642 [WARN] IntegrityCheckThread:84 - waiting for thirdparty lock release [integrity check]
2025-03-24 08:53:34,646 [INFO] IntegrityCheckThread:86 - entering critical section [integrity check]
2025-03-24 08:53:34,647 [INFO] ThirdPartyUpdaterWithRetryManager:70 - Updater plugin not ready yet. [1/15]
2025-03-24 08:53:34,797 [INFO] PluginManage:359 - Loaded plugin tutovideos (category:base,tabindex:-1)
2025-03-24 08:53:34,797 [INFO] PluginManage:310 - Check plugin updater
2025-03-24 08:53:34,823 [INFO] PluginManage:359 - Loaded plugin updater (category:base,tabindex:12)
2025-03-24 08:53:34,823 [INFO] PluginManage:310 - Check plugin userauth
2025-03-24 08:53:34,829 [INFO] UserAuth:118 - Init User Auth plugin
2025-03-24 08:53:34,830 [INFO] PluginManage:359 - Loaded plugin userauth (category:base,tabindex:14)
2025-03-24 08:53:34,831 [INFO] PluginManage:283 - PluginManage : Loaded plugins [18]
2025-03-24 08:53:35,032 [INFO] PinOutPanel:1589 - setPackage(No Configuration,No Configuration)
2025-03-24 08:53:35,116 [INFO] CADModel:165 - CPN selected for project level
2025-03-24 08:53:35,116 [INFO] CADModel:114 - Register for checkConnection events
2025-03-24 08:53:35,132 [INFO] IPUIPlugin:80 - create IPUIPlugin
2025-03-24 08:53:35,132 [INFO] PluginManager:220 - loadIPPluginJar : add adc
2025-03-24 08:53:35,135 [INFO] IPUIPlugin:80 - create IPUIPlugin
2025-03-24 08:53:35,135 [INFO] PluginManager:220 - loadIPPluginJar : add aes
2025-03-24 08:53:35,137 [INFO] IPUIPlugin:80 - create IPUIPlugin
2025-03-24 08:53:35,138 [INFO] PluginManager:220 - loadIPPluginJar : add can
2025-03-24 08:53:35,139 [INFO] IPUIPlugin:80 - create IPUIPlugin
2025-03-24 08:53:35,139 [INFO] PluginManager:220 - loadIPPluginJar : add comp
2025-03-24 08:53:35,142 [INFO] IPUIPlugin:80 - create IPUIPlugin
2025-03-24 08:53:35,142 [INFO] PluginManager:220 - loadIPPluginJar : add cryp
2025-03-24 08:53:35,144 [INFO] IPUIPlugin:80 - create IPUIPlugin
2025-03-24 08:53:35,144 [INFO] PluginManager:220 - loadIPPluginJar : add ddr_ctrl_phy
2025-03-24 08:53:35,146 [INFO] IPUIPlugin:80 - create IPUIPlugin
2025-03-24 08:53:35,147 [INFO] PluginManager:220 - loadIPPluginJar : add dfsdm
2025-03-24 08:53:35,151 [INFO] IPUIPlugin:80 - create IPUIPlugin
2025-03-24 08:53:35,151 [INFO] PluginManager:220 - loadIPPluginJar : add dma
2025-03-24 08:53:35,154 [INFO] IPUIPlugin:80 - create IPUIPlugin
2025-03-24 08:53:35,154 [INFO] PluginManager:220 - loadIPPluginJar : add dma3
2025-03-24 08:53:35,157 [INFO] IPUIPlugin:80 - create IPUIPlugin
2025-03-24 08:53:35,157 [INFO] PluginManager:220 - loadIPPluginJar : add extmemmanager
2025-03-24 08:53:35,159 [INFO] IPUIPlugin:80 - create IPUIPlugin
2025-03-24 08:53:35,159 [INFO] PluginManager:220 - loadIPPluginJar : add fatfs
2025-03-24 08:53:35,163 [INFO] IPUIPlugin:80 - create IPUIPlugin
2025-03-24 08:53:35,164 [INFO] PluginManager:220 - loadIPPluginJar : add fmc
2025-03-24 08:53:35,168 [INFO] IPUIPlugin:80 - create IPUIPlugin
2025-03-24 08:53:35,169 [INFO] PluginManager:220 - loadIPPluginJar : add freertos
2025-03-24 08:53:35,170 [INFO] IPUIPlugin:80 - create IPUIPlugin
2025-03-24 08:53:35,170 [INFO] PluginManager:220 - loadIPPluginJar : add genericplugin
2025-03-24 08:53:35,173 [INFO] IPUIPlugin:80 - create IPUIPlugin
2025-03-24 08:53:35,173 [INFO] PluginManager:220 - loadIPPluginJar : add gfxmmu
2025-03-24 08:53:35,177 [INFO] IPUIPlugin:80 - create IPUIPlugin
2025-03-24 08:53:35,178 [INFO] PluginManager:220 - loadIPPluginJar : add gic
2025-03-24 08:53:35,182 [INFO] IPUIPlugin:80 - create IPUIPlugin
2025-03-24 08:53:35,182 [INFO] PluginManager:220 - loadIPPluginJar : add gpio
2025-03-24 08:53:35,185 [INFO] IPUIPlugin:80 - create IPUIPlugin
2025-03-24 08:53:35,185 [INFO] PluginManager:220 - loadIPPluginJar : add gtzc
2025-03-24 08:53:35,188 [INFO] IPUIPlugin:80 - create IPUIPlugin
2025-03-24 08:53:35,189 [INFO] PluginManager:220 - loadIPPluginJar : add hash
2025-03-24 08:53:35,192 [INFO] IPUIPlugin:80 - create IPUIPlugin
2025-03-24 08:53:35,192 [INFO] PluginManager:220 - loadIPPluginJar : add i2c
2025-03-24 08:53:35,195 [INFO] IPUIPlugin:80 - create IPUIPlugin
2025-03-24 08:53:35,195 [INFO] PluginManager:220 - loadIPPluginJar : add i2s
2025-03-24 08:53:35,198 [INFO] IPUIPlugin:80 - create IPUIPlugin
2025-03-24 08:53:35,198 [INFO] PluginManager:220 - loadIPPluginJar : add i3c
2025-03-24 08:53:35,202 [INFO] IPUIPlugin:80 - create IPUIPlugin
2025-03-24 08:53:35,202 [INFO] PluginManager:220 - loadIPPluginJar : add ipddr
2025-03-24 08:53:35,210 [INFO] IPUIPlugin:80 - create IPUIPlugin
2025-03-24 08:53:35,210 [INFO] PluginManager:220 - loadIPPluginJar : add linkedlist
2025-03-24 08:53:35,213 [INFO] IPUIPlugin:80 - create IPUIPlugin
2025-03-24 08:53:35,213 [INFO] PluginManager:220 - loadIPPluginJar : add lorawan
2025-03-24 08:53:35,214 [INFO] IPUIPlugin:80 - create IPUIPlugin
2025-03-24 08:53:35,215 [INFO] PluginManager:220 - loadIPPluginJar : add ltdc
2025-03-24 08:53:35,220 [INFO] IPUIPlugin:80 - create IPUIPlugin
2025-03-24 08:53:35,221 [INFO] PluginManager:220 - loadIPPluginJar : add mdma
2025-03-24 08:53:35,224 [INFO] IPUIPlugin:80 - create IPUIPlugin
2025-03-24 08:53:35,225 [INFO] PluginManager:220 - loadIPPluginJar : add nvic
2025-03-24 08:53:35,228 [INFO] IPUIPlugin:80 - create IPUIPlugin
2025-03-24 08:53:35,228 [INFO] PluginManager:220 - loadIPPluginJar : add opamp
2025-03-24 08:53:35,232 [INFO] IPUIPlugin:80 - create IPUIPlugin
2025-03-24 08:53:35,232 [INFO] PluginManager:220 - loadIPPluginJar : add openamp
2025-03-24 08:53:35,235 [INFO] IPUIPlugin:80 - create IPUIPlugin
2025-03-24 08:53:35,235 [INFO] PluginManager:220 - loadIPPluginJar : add pdm2pcm
2025-03-24 08:53:35,242 [INFO] IPUIPlugin:80 - create IPUIPlugin
2025-03-24 08:53:35,245 [INFO] PluginManager:220 - loadIPPluginJar : add plateformsettings
2025-03-24 08:53:35,247 [INFO] IPUIPlugin:80 - create IPUIPlugin
2025-03-24 08:53:35,247 [INFO] PluginManager:220 - loadIPPluginJar : add quadspi
2025-03-24 08:53:35,249 [INFO] IPUIPlugin:80 - create IPUIPlugin
2025-03-24 08:53:35,251 [INFO] PluginManager:220 - loadIPPluginJar : add radio
2025-03-24 08:53:35,254 [INFO] IPUIPlugin:80 - create IPUIPlugin
2025-03-24 08:53:35,254 [INFO] PluginManager:220 - loadIPPluginJar : add resmgrutility
2025-03-24 08:53:35,258 [INFO] IPUIPlugin:80 - create IPUIPlugin
2025-03-24 08:53:35,258 [INFO] PluginManager:220 - loadIPPluginJar : add sai
2025-03-24 08:53:35,261 [INFO] IPUIPlugin:80 - create IPUIPlugin
2025-03-24 08:53:35,261 [INFO] PluginManager:220 - loadIPPluginJar : add spi
2025-03-24 08:53:35,269 [INFO] IPUIPlugin:80 - create IPUIPlugin
2025-03-24 08:53:35,269 [INFO] PluginManager:220 - loadIPPluginJar : add stm32_wpan
2025-03-24 08:53:35,271 [INFO] IPUIPlugin:80 - create IPUIPlugin
2025-03-24 08:53:35,272 [INFO] PluginManager:220 - loadIPPluginJar : add tim
2025-03-24 08:53:35,276 [INFO] IPUIPlugin:80 - create IPUIPlugin
2025-03-24 08:53:35,277 [INFO] PluginManager:220 - loadIPPluginJar : add touchsensing
2025-03-24 08:53:35,279 [INFO] IPUIPlugin:80 - create IPUIPlugin
2025-03-24 08:53:35,279 [INFO] PluginManager:220 - loadIPPluginJar : add tracer_emb
2025-03-24 08:53:35,283 [INFO] IPUIPlugin:80 - create IPUIPlugin
2025-03-24 08:53:35,283 [INFO] PluginManager:220 - loadIPPluginJar : add ts
2025-03-24 08:53:35,285 [INFO] IPUIPlugin:80 - create IPUIPlugin
2025-03-24 08:53:35,285 [INFO] PluginManager:220 - loadIPPluginJar : add tsc
2025-03-24 08:53:35,288 [INFO] IPUIPlugin:80 - create IPUIPlugin
2025-03-24 08:53:35,288 [INFO] PluginManager:220 - loadIPPluginJar : add ucpd
2025-03-24 08:53:35,292 [INFO] IPUIPlugin:80 - create IPUIPlugin
2025-03-24 08:53:35,292 [INFO] PluginManager:220 - loadIPPluginJar : add usart
2025-03-24 08:53:35,296 [INFO] IPUIPlugin:80 - create IPUIPlugin
2025-03-24 08:53:35,296 [INFO] PluginManager:220 - loadIPPluginJar : add usbx
2025-03-24 08:53:35,443 [FATAL] Updater:351 - Updater called before beeing initialized
2025-03-24 08:53:35,472 [INFO] RulesReader:64 - Compatibility file has been processed (301 Rules)
2025-03-24 08:53:35,484 [INFO] RulesReader:64 - Compatibility file has been processed (301 Rules)
2025-03-24 08:53:35,491 [INFO] CADModel:165 - CPN selected for project level
2025-03-24 08:53:35,491 [INFO] CADModel:114 - Register for checkConnection events
2025-03-24 08:53:35,491 [FATAL] Updater:351 - Updater called before beeing initialized
2025-03-24 08:53:35,491 [ERROR] CADModel:125 - Updater not yet initialized, retry later 
2025-03-24 08:53:35,640 [FATAL] Updater:351 - Updater called before beeing initialized
2025-03-24 08:53:35,642 [INFO] CADModel:165 - CPN selected for project level
2025-03-24 08:53:35,642 [INFO] CADModel:114 - Register for checkConnection events
2025-03-24 08:53:35,642 [FATAL] Updater:351 - Updater called before beeing initialized
2025-03-24 08:53:35,642 [ERROR] CADModel:125 - Updater not yet initialized, retry later 
2025-03-24 08:53:35,646 [FATAL] Updater:351 - Updater called before beeing initialized
2025-03-24 08:53:35,772 [FATAL] Updater:351 - Updater called before beeing initialized
2025-03-24 08:53:35,781 [INFO] DbMcusAds:53 - JSON generation date=Thu Mar 06 15:54:21 CET 2025 (1741272861825)
2025-03-24 08:53:35,781 [FATAL] Updater:351 - Updater called before beeing initialized
2025-03-24 08:53:35,820 [WARN] DetailPanel:346 - Failed to get advertising image, set to default
2025-03-24 08:53:36,118 [FATAL] Updater:351 - Updater called before beeing initialized
2025-03-24 08:53:36,120 [FATAL] Updater:351 - Updater called before beeing initialized
2025-03-24 08:53:36,120 [FATAL] Updater:351 - Updater called before beeing initialized
2025-03-24 08:53:36,120 [WARN] DetailPanel:346 - Failed to get advertising image, set to default
2025-03-24 08:53:36,121 [FATAL] Updater:351 - Updater called before beeing initialized
2025-03-24 08:53:36,173 [ERROR] Updater:1198 - MainUpdater not yet initialized. External WinMGr cannot be set.
2025-03-24 08:53:36,175 [INFO] Updater:1134 - Updater Version found : 6.14.0
2025-03-24 08:53:36,189 [INFO] ApplicationProperties:184 - Using Application install path: C:\ST\STM32CubeIDE_1.18.0\STM32CubeIDE\plugins\com.st.stm32cube.common.mx_6.14.0.202502271554
2025-03-24 08:53:37,648 [INFO] ThirdPartyUpdaterWithRetryManager:70 - Updater plugin not ready yet. [2/15]
2025-03-24 08:53:37,773 [ERROR] LogOutputStream:75 - [STDERR_REDIRECT] Mar 24, 2025 8:53:37 AM java.util.prefs.WindowsPreferences <init>
2025-03-24 08:53:37,780 [ERROR] LogOutputStream:75 - [STDERR_REDIRECT] WARNING: Could not open/create prefs root node Software\JavaSoft\Prefs at root 0xffffffff80000002. Windows RegCreateKeyEx(...) returned error code 5.
2025-03-24 08:53:37,780 [ERROR] LogOutputStream:75 - [STDERR_REDIRECT] 
2025-03-24 08:53:38,043 [INFO] MainUpdater:2872 - connection check result : 10
2025-03-24 08:53:38,044 [INFO] MainUpdater:289 - Updater Check For Update Now.
2025-03-24 08:53:38,044 [INFO] MicroXplorer:498 - Change Database Version : DB.6.0.140
2025-03-24 08:53:38,051 [INFO] McuFinderGlobals:63 - Set McuFinder mode to 2 (CubeIDE integrated)
2025-03-24 08:53:38,051 [INFO] UserAuth:486 - Internet connection configuration mode: 1
2025-03-24 08:53:38,075 [INFO] JxBrowserEngine:152 - Initiate JxBrowser Engine with user profile folder
2025-03-24 08:53:38,247 [INFO] CheckServerUpdateThread:120 - End of CheckServer Thread
2025-03-24 08:53:38,841 [INFO] WebApp:169 - Instantiating new browser for Auth
2025-03-24 08:53:39,692 [INFO] WebApp:463 - Apply proxy settings
2025-03-24 08:53:39,692 [INFO] WebApp:548 - Chromium requires no authentication
2025-03-24 08:53:39,701 [INFO] WebApp:491 - Direct internet connection detected
2025-03-24 08:53:39,727 [INFO] WebApp:894 - Register for checkConnection events
2025-03-24 08:53:39,727 [INFO] WebApp:463 - Apply proxy settings
2025-03-24 08:53:39,727 [INFO] WebApp:548 - Chromium requires no authentication
2025-03-24 08:53:39,728 [INFO] WebApp:491 - Direct internet connection detected
2025-03-24 08:53:39,854 [INFO] WebApp:191 - Connection restablished
2025-03-24 08:53:39,946 [INFO] WebApp:225 - Starting web application
2025-03-24 08:53:39,947 [INFO] WebApp:593 - Web application path used C:\ST\STM32CubeIDE_1.18.0\STM32CubeIDE\plugins\com.st.stm32cube.common.mx_6.14.0.202502271554\db\plugins\mcufinder\reactClient1\index.html
2025-03-24 08:53:40,069 [INFO] UserAuth:486 - Internet connection configuration mode: 1
2025-03-24 08:53:40,919 [WARN] PackLoader:240 - Cannot read IP mode file for STMicroelectronics.FP-SNS-MOTENVWB1.1.4.0
2025-03-24 08:53:40,935 [WARN] PackLoader:240 - Cannot read IP mode file for STMicroelectronics.FP-ATR-ASTRA1.2.0.2
2025-03-24 08:53:40,945 [WARN] PackLoader:240 - Cannot read IP mode file for STMicroelectronics.X-CUBE-SMBUS.2.1.0
2025-03-24 08:53:40,957 [WARN] PackLoader:240 - Cannot read IP mode file for STMicroelectronics.X-CUBE-WB05N.1.1.0
2025-03-24 08:53:40,990 [WARN] PackLoader:240 - Cannot read IP mode file for STMicroelectronics.X-CUBE-AZRTOS-F7.1.1.0
2025-03-24 08:53:41,025 [WARN] PackLoader:240 - Cannot read IP mode file for Infineon.AIROC-Wi-Fi-Bluetooth-STM32.1.7.0
2025-03-24 08:53:41,041 [WARN] PackLoader:240 - Cannot read IP mode file for STMicroelectronics.X-CUBE-DISPLAY.3.0.0
2025-03-24 08:53:41,053 [WARN] PackLoader:240 - Cannot read IP mode file for STMicroelectronics.X-CUBE-NFC10.1.0.0
2025-03-24 08:53:41,079 [WARN] PackLoader:240 - Cannot read IP mode file for STMicroelectronics.X-CUBE-BLEMGR.4.0.0
2025-03-24 08:53:41,144 [WARN] PackLoader:240 - Cannot read IP mode file for emotas.I-CUBE-CANOPEN.1.3.0
2025-03-24 08:53:41,149 [WARN] ConditionMgr:438 - getConditionDescription Invalid condition id : Cortex-A Device cause : null
2025-03-24 08:53:41,162 [WARN] ConditionMgr:1044 - genDependencies : Invalid condition id : Cortex-A Device cause : null
2025-03-24 08:53:41,162 [WARN] ConditionMgr:1044 - genDependencies : Invalid condition id : Cortex-A Device cause : null
2025-03-24 08:53:41,162 [WARN] ConditionMgr:1044 - genDependencies : Invalid condition id : Cortex-A Device cause : null
2025-03-24 08:53:41,167 [WARN] PackLoader:240 - Cannot read IP mode file for STMicroelectronics.X-CUBE-AI.10.0.0
2025-03-24 08:53:41,174 [WARN] PackLoader:240 - Cannot read IP mode file for STMicroelectronics.FP-SNS-SMARTAG2.1.2.0
2025-03-24 08:53:41,179 [WARN] PackLoader:240 - Cannot read IP mode file for STMicroelectronics.FP-SNS-FLIGHT1.5.1.0
2025-03-24 08:53:41,246 [WARN] PackLoader:240 - Cannot read IP mode file for STMicroelectronics.X-CUBE-MEMS1.11.1.0
2025-03-24 08:53:41,422 [INFO] LogOutputStream:77 - [STDOUT_REDIRECT] 1 : Invalid condition id : UX_CORESTACK_Condition cause : null
2025-03-24 08:53:41,422 [INFO] LogOutputStream:77 - [STDOUT_REDIRECT] 1 : Invalid condition id : UX_CORESTACK_Condition cause : null
2025-03-24 08:53:41,424 [INFO] LogOutputStream:77 - [STDOUT_REDIRECT] 1 : Invalid condition id : UX_CORESTACK_Condition cause : null
2025-03-24 08:53:41,425 [INFO] LogOutputStream:77 - [STDOUT_REDIRECT] 1 : Invalid condition id : UX_CORESTACK_Condition cause : null
2025-03-24 08:53:41,427 [INFO] LogOutputStream:77 - [STDOUT_REDIRECT] 1 : Invalid condition id : UX_CORESTACK_Condition cause : null
2025-03-24 08:53:41,430 [WARN] PackLoader:240 - Cannot read IP mode file for STMicroelectronics.X-CUBE-AZRTOS-WL.2.0.0
2025-03-24 08:53:41,436 [WARN] PackLoader:240 - Cannot read IP mode file for STMicroelectronics.FP-SNS-MOTENV1.5.0.0
2025-03-24 08:53:41,445 [WARN] PackLoader:240 - Cannot read IP mode file for WES.I-CUBE-Cesium.1.3.0
2025-03-24 08:53:41,450 [WARN] PackLoader:240 - Cannot read IP mode file for STMicroelectronics.X-CUBE-BLE2.3.3.0
2025-03-24 08:53:41,457 [WARN] PackLoader:240 - Cannot read IP mode file for STMicroelectronics.X-CUBE-NFC9.1.0.0
2025-03-24 08:53:41,466 [WARN] PackLoader:240 - Cannot read IP mode file for STMicroelectronics.X-CUBE-BLE1.7.1.0
2025-03-24 08:53:41,475 [WARN] PackLoader:240 - Cannot read IP mode file for wolfSSL.I-CUBE-wolfMQTT.1.19.2
2025-03-24 08:53:41,503 [WARN] PackLoader:240 - Cannot read IP mode file for STMicroelectronics.X-CUBE-AZRTOS-G0.1.1.0
2025-03-24 08:53:41,514 [WARN] PackLoader:240 - Cannot read IP mode file for STMicroelectronics.X-CUBE-SAFEA1.1.2.2
2025-03-24 08:53:41,521 [WARN] PackLoader:240 - Cannot read IP mode file for STMicroelectronics.X-CUBE-NFC4.3.0.0
2025-03-24 08:53:41,531 [WARN] PackLoader:240 - Cannot read IP mode file for EmbeddedOffice.I-CUBE-FS-RTOS.1.0.1
2025-03-24 08:53:41,536 [WARN] PackLoader:240 - Cannot read IP mode file for wolfSSL.I-CUBE-wolfTPM.3.8.0
2025-03-24 08:53:41,542 [WARN] PackLoader:240 - Cannot read IP mode file for STMicroelectronics.X-CUBE-TCPP.4.2.0
2025-03-24 08:53:41,548 [WARN] PackLoader:240 - Cannot read IP mode file for RealThread.X-CUBE-RT-Thread_Nano.4.1.1
2025-03-24 08:53:41,556 [WARN] PackLoader:240 - Cannot read IP mode file for STMicroelectronics.FP-ATR-SIGFOX1.3.2.0
2025-03-24 08:53:41,564 [WARN] PackLoader:240 - Cannot read IP mode file for STMicroelectronics.X-CUBE-EEPRMA1.5.1.0
2025-03-24 08:53:41,571 [WARN] PackLoader:240 - Cannot read IP mode file for wolfSSL.I-CUBE-wolfSSL.5.7.6
2025-03-24 08:53:41,578 [WARN] PackLoader:240 - Cannot read IP mode file for ITTIA_DB.I-CUBE-ITTIADB.8.9.0
2025-03-24 08:53:41,625 [WARN] PackLoader:240 - Cannot read IP mode file for SEGGER.I-CUBE-embOS.1.3.1
2025-03-24 08:53:41,713 [WARN] PackLoader:240 - Cannot read IP mode file for STMicroelectronics.X-CUBE-ALGOBUILD.1.4.0
2025-03-24 08:53:41,759 [WARN] PackLoader:240 - Cannot read IP mode file for STMicroelectronics.X-CUBE-AZRTOS-F4.1.1.0
2025-03-24 08:53:41,771 [WARN] PackLoader:240 - Cannot read IP mode file for STMicroelectronics.X-CUBE-ISPU.2.1.0
2025-03-24 08:53:41,792 [WARN] PackLoader:240 - Cannot read IP mode file for STMicroelectronics.X-CUBE-AZRTOS-L5.2.0.0
2025-03-24 08:53:41,805 [WARN] PackLoader:240 - Cannot read IP mode file for STMicroelectronics.X-CUBE-NFC6.3.1.0
2025-03-24 08:53:41,813 [WARN] PackLoader:240 - Cannot read IP mode file for STMicroelectronics.X-CUBE-DPower.1.2.0
2025-03-24 08:53:41,820 [WARN] PackLoader:240 - Cannot read IP mode file for STMicroelectronics.X-CUBE-FREERTOS.1.3.0
2025-03-24 08:53:41,826 [WARN] PackLoader:240 - Cannot read IP mode file for STMicroelectronics.X-CUBE-NFC7.1.0.1
2025-03-24 08:53:41,845 [WARN] ConditionMgr:438 - getConditionDescription Invalid condition id : LAN8742 Phy interface Condition cause : null
2025-03-24 08:53:41,846 [WARN] PackLoader:240 - Cannot read IP mode file for STMicroelectronics.X-CUBE-AZRTOS-L4.2.0.0
2025-03-24 08:53:41,847 [WARN] ConditionMgr:1044 - genDependencies : Invalid condition id : LAN8742 Phy interface Condition cause : null
2025-03-24 08:53:41,847 [WARN] ConditionMgr:1044 - genDependencies : Invalid condition id : LAN8742 Phy interface Condition cause : null
2025-03-24 08:53:41,848 [WARN] ConditionMgr:1044 - genDependencies : Invalid condition id : LAN8742 Phy interface Condition cause : null
2025-03-24 08:53:41,857 [WARN] PackLoader:240 - Cannot read IP mode file for STMicroelectronics.X-CUBE-SFXS2LP1.4.0.0
2025-03-24 08:53:41,878 [WARN] PackLoader:240 - Cannot read IP mode file for STMicroelectronics.X-CUBE-AZRTOS-H7.3.3.0
2025-03-24 08:53:41,906 [WARN] ConditionMgr:438 - getConditionDescription Invalid condition id : UX DEVICE CLASS RTOS Condition cause : null
2025-03-24 08:53:41,906 [WARN] ConditionMgr:438 - getConditionDescription Invalid condition id : UX DEVICE CLASS RTOS Condition cause : null
2025-03-24 08:53:41,908 [WARN] PackLoader:240 - Cannot read IP mode file for STMicroelectronics.X-CUBE-AZRTOS-WB.2.0.0
2025-03-24 08:53:41,909 [WARN] ConditionMgr:1044 - genDependencies : Invalid condition id : UX DEVICE CLASS RTOS Condition cause : null
2025-03-24 08:53:41,909 [WARN] ConditionMgr:1044 - genDependencies : Invalid condition id : UX DEVICE CLASS RTOS Condition cause : null
2025-03-24 08:53:41,909 [WARN] ConditionMgr:1044 - genDependencies : Invalid condition id : UX DEVICE CLASS RTOS Condition cause : null
2025-03-24 08:53:41,909 [WARN] ConditionMgr:1044 - genDependencies : Invalid condition id : UX DEVICE CLASS RTOS Condition cause : null
2025-03-24 08:53:41,909 [WARN] ConditionMgr:1044 - genDependencies : Invalid condition id : UX DEVICE CLASS RTOS Condition cause : null
2025-03-24 08:53:41,915 [WARN] PackLoader:240 - Cannot read IP mode file for STMicroelectronics.X-CUBE-GNSS1.7.0.1
2025-03-24 08:53:41,922 [WARN] PackLoader:240 - Cannot read IP mode file for STMicroelectronics.X-CUBE-TOUCHGFX.4.25.0
2025-03-24 08:53:41,929 [WARN] PackLoader:240 - Cannot read IP mode file for STMicroelectronics.FP-SNS-STBOX1.2.0.0
2025-03-24 08:53:41,941 [WARN] PackLoader:240 - Cannot read IP mode file for STMicroelectronics.X-CUBE-SUBG2.5.0.0
2025-03-24 08:53:41,960 [WARN] PackLoader:240 - Cannot read IP mode file for STMicroelectronics.X-CUBE-AZRTOS-H7RS.1.1.0
2025-03-24 08:53:41,966 [WARN] PackLoader:240 - Cannot read IP mode file for Cesanta.I-CUBE-Mongoose.7.13.0
2025-03-24 08:53:41,979 [WARN] PackLoader:240 - Cannot read IP mode file for STMicroelectronics.X-CUBE-AZRTOS-G4.2.0.0
2025-03-24 08:53:41,985 [WARN] PackLoader:240 - Cannot read IP mode file for wolfSSL.I-CUBE-wolfSSH.1.4.20
2025-03-24 08:53:41,997 [WARN] PackLoader:240 - Cannot read IP mode file for STMicroelectronics.X-CUBE-IPS.3.1.0
2025-03-24 08:53:42,008 [WARN] PackLoader:240 - Cannot read IP mode file for STMicroelectronics.X-CUBE-ALS.1.0.2
2025-03-24 08:53:42,015 [WARN] PackLoader:240 - Cannot read IP mode file for portGmbH.I-Cube-SoM-uGOAL.1.1.0
2025-03-24 08:53:42,030 [WARN] PackLoader:240 - Cannot read IP mode file for STMicroelectronics.X-CUBE-AZRTOS-H7RS.1.0.0
2025-03-24 08:53:42,042 [WARN] PackLoader:240 - Cannot read IP mode file for STMicroelectronics.X-CUBE-TOF1.3.4.2
2025-03-24 08:53:42,053 [INFO] ThirdParty:978 - Integrity check success = true
2025-03-24 08:53:42,053 [INFO] IntegrityCheckThread:100 - exiting critical section [integrity check]
2025-03-24 08:53:42,053 [INFO] IntegrityCheckThread:103 - End integrity checks thread
2025-03-24 08:54:05,145 [ERROR] LogOutputStream:75 - [STDERR_REDIRECT] 
2025-03-24 08:54:05,146 [ERROR] LogOutputStream:75 - [STDERR_REDIRECT] 
2025-03-24 08:57:04,455 [INFO] Activator:176 - 


2025-03-24 08:57:04,458 [INFO] Activator:177 - !SESSION log4j initialized
2025-03-24 08:57:07,807 [INFO] LogOutputStream:77 - [STDOUT_REDIRECT] 
2025-03-24 08:57:10,352 [INFO] ApplicationProperties:184 - Using Application install path: C:\ST\STM32CubeIDE_1.18.0\STM32CubeIDE\plugins\com.st.stm32cube.common.mx_6.14.0.202502271554
2025-03-24 08:57:10,370 [INFO] DbMcusXml:78 - Set database path to: C:\ST\STM32CubeIDE_1.18.0\STM32CubeIDE\plugins\com.st.stm32cube.common.mx_6.14.0.202502271554\\db\/mcu/
2025-03-24 08:57:10,370 [INFO] ApiDb:274 - Set plugin database path to: C:\ST\STM32CubeIDE_1.18.0\STM32CubeIDE\plugins\com.st.stm32cube.common.mx_6.14.0.202502271554\\db\/plugins/boardmanager/
2025-03-24 08:57:10,370 [WARN] ApiDb:259 - Overriding images path with different value:  => C:\ST\STM32CubeIDE_1.18.0\STM32CubeIDE\plugins\com.st.stm32cube.common.mx_6.14.0.202502271554\\db\/plugins/mcufinder/images/
2025-03-24 08:57:10,377 [INFO] ApiDb:250 - Set database path to: C:\Users\hugoc\.stmcufinder\plugins\mcufinder//mcu/
2025-03-24 08:57:10,378 [INFO] DbMcusAds:125 - Set database path to: C:\Users\hugoc\.stmcufinder\plugins\mcufinder//mcu/
2025-03-24 08:57:10,381 [INFO] CrossReferenceDbSqlite:203 - Set database path to: C:\Users\hugoc\.stmcufinder\plugins\mcufinder//mcu/cs/
2025-03-24 08:57:10,505 [INFO] RulesReader:64 - Compatibility file has been processed (301 Rules)
2025-03-24 08:57:10,580 [INFO] DbMcusXml:78 - Set database path to: C:\ST\STM32CubeIDE_1.18.0\STM32CubeIDE\plugins\com.st.stm32cube.common.mx_6.14.0.202502271554\\db\/mcu/
2025-03-24 08:57:10,580 [INFO] ApiDb:274 - Set plugin database path to: C:\ST\STM32CubeIDE_1.18.0\STM32CubeIDE\plugins\com.st.stm32cube.common.mx_6.14.0.202502271554\\db\/plugins/boardmanager/
2025-03-24 08:57:10,580 [INFO] ApiDb:261 - Set plugin images path to: C:\ST\STM32CubeIDE_1.18.0\STM32CubeIDE\plugins\com.st.stm32cube.common.mx_6.14.0.202502271554\\db\/plugins/mcufinder/images/
2025-03-24 08:57:10,580 [WARN] DbFile:41 - Overriding database path with different value: C:\Users\hugoc\.stmcufinder\plugins\mcufinder/ => C:\Users\hugoc\.stmcufinder\plugins\mcufinder
2025-03-24 08:57:10,581 [INFO] ApiDb:250 - Set database path to: C:\Users\hugoc\.stmcufinder\plugins\mcufinder//mcu/
2025-03-24 08:57:10,581 [WARN] DbFile:41 - Overriding database path with different value: C:\Users\hugoc\.stmcufinder\plugins\mcufinder/ => C:\Users\hugoc\.stmcufinder\plugins\mcufinder
2025-03-24 08:57:10,581 [INFO] DbMcusAds:125 - Set database path to: C:\Users\hugoc\.stmcufinder\plugins\mcufinder//mcu/
2025-03-24 08:57:10,581 [WARN] DbFile:41 - Overriding database path with different value: C:\Users\hugoc\.stmcufinder\plugins\mcufinder/ => C:\Users\hugoc\.stmcufinder\plugins\mcufinder
2025-03-24 08:57:10,581 [WARN] DbFile:41 - Overriding database path with different value: C:\Users\hugoc\.stmcufinder\plugins\mcufinder/ => C:\Users\hugoc\.stmcufinder\plugins\mcufinder
2025-03-24 08:57:10,581 [INFO] CrossReferenceDbSqlite:203 - Set database path to: C:\Users\hugoc\.stmcufinder\plugins\mcufinder//mcu/cs/
2025-03-24 08:57:10,649 [INFO] MainPanel:272 - HeapMemory: 268435456
2025-03-24 08:57:10,731 [INFO] DbMcusXml:78 - Set database path to: C:\ST\STM32CubeIDE_1.18.0\STM32CubeIDE\plugins\com.st.stm32cube.common.mx_6.14.0.202502271554\\db\/mcu/
2025-03-24 08:57:10,731 [INFO] ApiDb:274 - Set plugin database path to: C:\ST\STM32CubeIDE_1.18.0\STM32CubeIDE\plugins\com.st.stm32cube.common.mx_6.14.0.202502271554\\db\/plugins/boardmanager/
2025-03-24 08:57:10,731 [INFO] ApiDb:261 - Set plugin images path to: C:\ST\STM32CubeIDE_1.18.0\STM32CubeIDE\plugins\com.st.stm32cube.common.mx_6.14.0.202502271554\\db\/plugins/mcufinder/images/
2025-03-24 08:57:10,732 [WARN] DbFile:41 - Overriding database path with different value: C:\Users\hugoc\.stmcufinder\plugins\mcufinder/ => C:\Users\hugoc\.stmcufinder\plugins\mcufinder
2025-03-24 08:57:10,732 [INFO] ApiDb:250 - Set database path to: C:\Users\hugoc\.stmcufinder\plugins\mcufinder//mcu/
2025-03-24 08:57:10,732 [WARN] DbFile:41 - Overriding database path with different value: C:\Users\hugoc\.stmcufinder\plugins\mcufinder/ => C:\Users\hugoc\.stmcufinder\plugins\mcufinder
2025-03-24 08:57:10,732 [INFO] DbMcusAds:125 - Set database path to: C:\Users\hugoc\.stmcufinder\plugins\mcufinder//mcu/
2025-03-24 08:57:10,732 [WARN] DbFile:41 - Overriding database path with different value: C:\Users\hugoc\.stmcufinder\plugins\mcufinder/ => C:\Users\hugoc\.stmcufinder\plugins\mcufinder
2025-03-24 08:57:10,732 [WARN] DbFile:41 - Overriding database path with different value: C:\Users\hugoc\.stmcufinder\plugins\mcufinder/ => C:\Users\hugoc\.stmcufinder\plugins\mcufinder
2025-03-24 08:57:10,732 [INFO] CrossReferenceDbSqlite:203 - Set database path to: C:\Users\hugoc\.stmcufinder\plugins\mcufinder//mcu/cs/
2025-03-24 08:57:10,751 [INFO] ApplicationProperties:184 - Using Application install path: C:\ST\STM32CubeIDE_1.18.0\STM32CubeIDE\plugins\com.st.stm32cube.common.mx_6.14.0.202502271554
2025-03-24 08:57:10,753 [INFO] PluginManage:196 - Search for loadable plugins [exclusion list=, ]
2025-03-24 08:57:10,754 [INFO] PluginManage:310 - Check plugin analytics
2025-03-24 08:57:11,029 [INFO] AnalyticsPlugin:253 - Accepted Software Licenses: 
2025-03-24 08:57:11,029 [INFO] AnalyticsPlugin:255 - Accepted CMSIS Pack Licenses: 
2025-03-24 08:57:11,029 [INFO] AnalyticsPlugin:257 - Accepted Firmware Licenses: FW.L4.1.18.0
2025-03-24 08:57:11,033 [INFO] PluginManage:359 - Loaded plugin analytics (category:tool,tabindex:-1)
2025-03-24 08:57:11,033 [INFO] PluginManage:310 - Check plugin cadmodel
2025-03-24 08:57:11,040 [INFO] CADModel:105 - Init CAD model plugin
2025-03-24 08:57:11,040 [INFO] PluginManage:359 - Loaded plugin cadmodel (category:power,tabindex:5)
2025-03-24 08:57:11,041 [INFO] PluginManage:310 - Check plugin clock
2025-03-24 08:57:11,050 [INFO] PluginManage:359 - Loaded plugin clock (category:base,tabindex:2)
2025-03-24 08:57:11,051 [INFO] PluginManage:310 - Check plugin ddr
2025-03-24 08:57:11,053 [INFO] PluginManage:359 - Loaded plugin ddr (category:tool,tabindex:6)
2025-03-24 08:57:11,053 [INFO] PluginManage:310 - Check plugin filemanager
2025-03-24 08:57:11,218 [INFO] PluginManage:359 - Loaded plugin filemanager (category:base,tabindex:10)
2025-03-24 08:57:11,219 [INFO] PluginManage:310 - Check plugin ipmanager
2025-03-24 08:57:11,226 [INFO] PluginManage:359 - Loaded plugin ipmanager (category:base,tabindex:5)
2025-03-24 08:57:11,226 [INFO] PluginManage:310 - Check plugin lpbam
2025-03-24 08:57:11,263 [INFO] PluginManage:359 - Loaded plugin lpbam (category:base,tabindex:0)
2025-03-24 08:57:11,264 [INFO] PluginManage:310 - Check plugin memorymap
2025-03-24 08:57:11,280 [INFO] PluginManage:359 - Loaded plugin memorymap (category:base,tabindex:4)
2025-03-24 08:57:11,281 [INFO] PluginManage:310 - Check plugin pinoutandconfiguration
2025-03-24 08:57:11,314 [INFO] PluginManage:359 - Loaded plugin pinoutandconfiguration (category:base,tabindex:1)
2025-03-24 08:57:11,314 [INFO] PluginManage:310 - Check plugin pinoutconfig
2025-03-24 08:57:11,417 [WARN] SupportedApi:132 - Cannot load RTOS API schema: s4s-elt-must-match.1: The content of 'definitions' must match (annotation?, (simpleType | complexType)?, (unique | key | keyref)*)). A problem was found starting at: attribute.
2025-03-24 08:57:11,626 [INFO] PluginManage:359 - Loaded plugin pinoutconfig (category:base,tabindex:0)
2025-03-24 08:57:11,626 [INFO] PluginManage:310 - Check plugin power
2025-03-24 08:57:11,637 [INFO] PluginManage:359 - Loaded plugin power (category:power,tabindex:4)
2025-03-24 08:57:11,638 [INFO] PluginManage:310 - Check plugin projectmanager
2025-03-24 08:57:11,655 [INFO] PluginManage:359 - Loaded plugin projectmanager (category:projectmanager,tabindex:4)
2025-03-24 08:57:11,656 [INFO] PluginManage:310 - Check plugin rif
2025-03-24 08:57:11,663 [INFO] PluginManage:359 - Loaded plugin rif (category:base,tabindex:3)
2025-03-24 08:57:11,663 [INFO] PluginManage:310 - Check plugin thirdparty
2025-03-24 08:57:11,784 [INFO] PluginManage:359 - Loaded plugin thirdparty (category:base,tabindex:-1)
2025-03-24 08:57:11,785 [INFO] PluginManage:310 - Check plugin tools
2025-03-24 08:57:11,787 [INFO] PluginManage:359 - Loaded plugin tools (category:base,tabindex:7)
2025-03-24 08:57:11,787 [INFO] PluginManage:310 - Check plugin tutovideos
2025-03-24 08:57:11,784 [WARN] IntegrityCheckThread:84 - waiting for thirdparty lock release [integrity check]
2025-03-24 08:57:11,789 [INFO] IntegrityCheckThread:86 - entering critical section [integrity check]
2025-03-24 08:57:11,790 [INFO] ThirdPartyUpdaterWithRetryManager:70 - Updater plugin not ready yet. [1/15]
2025-03-24 08:57:11,952 [INFO] PluginManage:359 - Loaded plugin tutovideos (category:base,tabindex:-1)
2025-03-24 08:57:11,953 [INFO] PluginManage:310 - Check plugin updater
2025-03-24 08:57:11,980 [INFO] PluginManage:359 - Loaded plugin updater (category:base,tabindex:12)
2025-03-24 08:57:11,981 [INFO] PluginManage:310 - Check plugin userauth
2025-03-24 08:57:11,985 [INFO] UserAuth:118 - Init User Auth plugin
2025-03-24 08:57:11,986 [INFO] PluginManage:359 - Loaded plugin userauth (category:base,tabindex:14)
2025-03-24 08:57:11,987 [INFO] PluginManage:283 - PluginManage : Loaded plugins [18]
2025-03-24 08:57:12,238 [INFO] PinOutPanel:1589 - setPackage(No Configuration,No Configuration)
2025-03-24 08:57:12,330 [INFO] CADModel:165 - CPN selected for project level
2025-03-24 08:57:12,330 [INFO] CADModel:114 - Register for checkConnection events
2025-03-24 08:57:12,345 [INFO] IPUIPlugin:80 - create IPUIPlugin
2025-03-24 08:57:12,345 [INFO] PluginManager:220 - loadIPPluginJar : add adc
2025-03-24 08:57:12,348 [INFO] IPUIPlugin:80 - create IPUIPlugin
2025-03-24 08:57:12,348 [INFO] PluginManager:220 - loadIPPluginJar : add aes
2025-03-24 08:57:12,351 [INFO] IPUIPlugin:80 - create IPUIPlugin
2025-03-24 08:57:12,351 [INFO] PluginManager:220 - loadIPPluginJar : add can
2025-03-24 08:57:12,353 [INFO] IPUIPlugin:80 - create IPUIPlugin
2025-03-24 08:57:12,353 [INFO] PluginManager:220 - loadIPPluginJar : add comp
2025-03-24 08:57:12,356 [INFO] IPUIPlugin:80 - create IPUIPlugin
2025-03-24 08:57:12,356 [INFO] PluginManager:220 - loadIPPluginJar : add cryp
2025-03-24 08:57:12,359 [INFO] IPUIPlugin:80 - create IPUIPlugin
2025-03-24 08:57:12,359 [INFO] PluginManager:220 - loadIPPluginJar : add ddr_ctrl_phy
2025-03-24 08:57:12,362 [INFO] IPUIPlugin:80 - create IPUIPlugin
2025-03-24 08:57:12,362 [INFO] PluginManager:220 - loadIPPluginJar : add dfsdm
2025-03-24 08:57:12,367 [INFO] IPUIPlugin:80 - create IPUIPlugin
2025-03-24 08:57:12,368 [INFO] PluginManager:220 - loadIPPluginJar : add dma
2025-03-24 08:57:12,371 [INFO] IPUIPlugin:80 - create IPUIPlugin
2025-03-24 08:57:12,371 [INFO] PluginManager:220 - loadIPPluginJar : add dma3
2025-03-24 08:57:12,374 [INFO] IPUIPlugin:80 - create IPUIPlugin
2025-03-24 08:57:12,375 [INFO] PluginManager:220 - loadIPPluginJar : add extmemmanager
2025-03-24 08:57:12,377 [INFO] IPUIPlugin:80 - create IPUIPlugin
2025-03-24 08:57:12,377 [INFO] PluginManager:220 - loadIPPluginJar : add fatfs
2025-03-24 08:57:12,382 [INFO] IPUIPlugin:80 - create IPUIPlugin
2025-03-24 08:57:12,382 [INFO] PluginManager:220 - loadIPPluginJar : add fmc
2025-03-24 08:57:12,387 [INFO] IPUIPlugin:80 - create IPUIPlugin
2025-03-24 08:57:12,388 [INFO] PluginManager:220 - loadIPPluginJar : add freertos
2025-03-24 08:57:12,389 [INFO] IPUIPlugin:80 - create IPUIPlugin
2025-03-24 08:57:12,390 [INFO] PluginManager:220 - loadIPPluginJar : add genericplugin
2025-03-24 08:57:12,393 [INFO] IPUIPlugin:80 - create IPUIPlugin
2025-03-24 08:57:12,393 [INFO] PluginManager:220 - loadIPPluginJar : add gfxmmu
2025-03-24 08:57:12,399 [INFO] IPUIPlugin:80 - create IPUIPlugin
2025-03-24 08:57:12,399 [INFO] PluginManager:220 - loadIPPluginJar : add gic
2025-03-24 08:57:12,403 [INFO] IPUIPlugin:80 - create IPUIPlugin
2025-03-24 08:57:12,403 [INFO] PluginManager:220 - loadIPPluginJar : add gpio
2025-03-24 08:57:12,406 [INFO] IPUIPlugin:80 - create IPUIPlugin
2025-03-24 08:57:12,407 [INFO] PluginManager:220 - loadIPPluginJar : add gtzc
2025-03-24 08:57:12,410 [INFO] IPUIPlugin:80 - create IPUIPlugin
2025-03-24 08:57:12,410 [INFO] PluginManager:220 - loadIPPluginJar : add hash
2025-03-24 08:57:12,414 [INFO] IPUIPlugin:80 - create IPUIPlugin
2025-03-24 08:57:12,414 [INFO] PluginManager:220 - loadIPPluginJar : add i2c
2025-03-24 08:57:12,417 [INFO] IPUIPlugin:80 - create IPUIPlugin
2025-03-24 08:57:12,417 [INFO] PluginManager:220 - loadIPPluginJar : add i2s
2025-03-24 08:57:12,420 [INFO] IPUIPlugin:80 - create IPUIPlugin
2025-03-24 08:57:12,420 [INFO] PluginManager:220 - loadIPPluginJar : add i3c
2025-03-24 08:57:12,423 [INFO] IPUIPlugin:80 - create IPUIPlugin
2025-03-24 08:57:12,423 [INFO] PluginManager:220 - loadIPPluginJar : add ipddr
2025-03-24 08:57:12,430 [INFO] IPUIPlugin:80 - create IPUIPlugin
2025-03-24 08:57:12,430 [INFO] PluginManager:220 - loadIPPluginJar : add linkedlist
2025-03-24 08:57:12,434 [INFO] IPUIPlugin:80 - create IPUIPlugin
2025-03-24 08:57:12,434 [INFO] PluginManager:220 - loadIPPluginJar : add lorawan
2025-03-24 08:57:12,436 [INFO] IPUIPlugin:80 - create IPUIPlugin
2025-03-24 08:57:12,436 [INFO] PluginManager:220 - loadIPPluginJar : add ltdc
2025-03-24 08:57:12,443 [INFO] IPUIPlugin:80 - create IPUIPlugin
2025-03-24 08:57:12,443 [INFO] PluginManager:220 - loadIPPluginJar : add mdma
2025-03-24 08:57:12,446 [INFO] IPUIPlugin:80 - create IPUIPlugin
2025-03-24 08:57:12,447 [INFO] PluginManager:220 - loadIPPluginJar : add nvic
2025-03-24 08:57:12,450 [INFO] IPUIPlugin:80 - create IPUIPlugin
2025-03-24 08:57:12,450 [INFO] PluginManager:220 - loadIPPluginJar : add opamp
2025-03-24 08:57:12,453 [INFO] IPUIPlugin:80 - create IPUIPlugin
2025-03-24 08:57:12,454 [INFO] PluginManager:220 - loadIPPluginJar : add openamp
2025-03-24 08:57:12,457 [INFO] IPUIPlugin:80 - create IPUIPlugin
2025-03-24 08:57:12,457 [INFO] PluginManager:220 - loadIPPluginJar : add pdm2pcm
2025-03-24 08:57:12,464 [INFO] IPUIPlugin:80 - create IPUIPlugin
2025-03-24 08:57:12,466 [INFO] PluginManager:220 - loadIPPluginJar : add plateformsettings
2025-03-24 08:57:12,468 [INFO] IPUIPlugin:80 - create IPUIPlugin
2025-03-24 08:57:12,468 [INFO] PluginManager:220 - loadIPPluginJar : add quadspi
2025-03-24 08:57:12,471 [INFO] IPUIPlugin:80 - create IPUIPlugin
2025-03-24 08:57:12,472 [INFO] PluginManager:220 - loadIPPluginJar : add radio
2025-03-24 08:57:12,476 [INFO] IPUIPlugin:80 - create IPUIPlugin
2025-03-24 08:57:12,476 [INFO] PluginManager:220 - loadIPPluginJar : add resmgrutility
2025-03-24 08:57:12,479 [INFO] IPUIPlugin:80 - create IPUIPlugin
2025-03-24 08:57:12,479 [INFO] PluginManager:220 - loadIPPluginJar : add sai
2025-03-24 08:57:12,482 [INFO] IPUIPlugin:80 - create IPUIPlugin
2025-03-24 08:57:12,482 [INFO] PluginManager:220 - loadIPPluginJar : add spi
2025-03-24 08:57:12,489 [INFO] IPUIPlugin:80 - create IPUIPlugin
2025-03-24 08:57:12,489 [INFO] PluginManager:220 - loadIPPluginJar : add stm32_wpan
2025-03-24 08:57:12,491 [INFO] IPUIPlugin:80 - create IPUIPlugin
2025-03-24 08:57:12,491 [INFO] PluginManager:220 - loadIPPluginJar : add tim
2025-03-24 08:57:12,496 [INFO] IPUIPlugin:80 - create IPUIPlugin
2025-03-24 08:57:12,496 [INFO] PluginManager:220 - loadIPPluginJar : add touchsensing
2025-03-24 08:57:12,498 [INFO] IPUIPlugin:80 - create IPUIPlugin
2025-03-24 08:57:12,498 [INFO] PluginManager:220 - loadIPPluginJar : add tracer_emb
2025-03-24 08:57:12,501 [INFO] IPUIPlugin:80 - create IPUIPlugin
2025-03-24 08:57:12,501 [INFO] PluginManager:220 - loadIPPluginJar : add ts
2025-03-24 08:57:12,503 [INFO] IPUIPlugin:80 - create IPUIPlugin
2025-03-24 08:57:12,503 [INFO] PluginManager:220 - loadIPPluginJar : add tsc
2025-03-24 08:57:12,505 [INFO] IPUIPlugin:80 - create IPUIPlugin
2025-03-24 08:57:12,505 [INFO] PluginManager:220 - loadIPPluginJar : add ucpd
2025-03-24 08:57:12,508 [INFO] IPUIPlugin:80 - create IPUIPlugin
2025-03-24 08:57:12,508 [INFO] PluginManager:220 - loadIPPluginJar : add usart
2025-03-24 08:57:12,512 [INFO] IPUIPlugin:80 - create IPUIPlugin
2025-03-24 08:57:12,512 [INFO] PluginManager:220 - loadIPPluginJar : add usbx
2025-03-24 08:57:12,652 [FATAL] Updater:351 - Updater called before beeing initialized
2025-03-24 08:57:12,680 [INFO] RulesReader:64 - Compatibility file has been processed (301 Rules)
2025-03-24 08:57:12,691 [INFO] RulesReader:64 - Compatibility file has been processed (301 Rules)
2025-03-24 08:57:12,698 [INFO] CADModel:165 - CPN selected for project level
2025-03-24 08:57:12,698 [INFO] CADModel:114 - Register for checkConnection events
2025-03-24 08:57:12,698 [FATAL] Updater:351 - Updater called before beeing initialized
2025-03-24 08:57:12,699 [ERROR] CADModel:125 - Updater not yet initialized, retry later 
2025-03-24 08:57:12,840 [FATAL] Updater:351 - Updater called before beeing initialized
2025-03-24 08:57:12,842 [INFO] CADModel:165 - CPN selected for project level
2025-03-24 08:57:12,842 [INFO] CADModel:114 - Register for checkConnection events
2025-03-24 08:57:12,842 [FATAL] Updater:351 - Updater called before beeing initialized
2025-03-24 08:57:12,842 [ERROR] CADModel:125 - Updater not yet initialized, retry later 
2025-03-24 08:57:12,845 [FATAL] Updater:351 - Updater called before beeing initialized
2025-03-24 08:57:12,972 [FATAL] Updater:351 - Updater called before beeing initialized
2025-03-24 08:57:12,977 [INFO] DbMcusAds:53 - JSON generation date=Thu Mar 06 15:54:21 CET 2025 (1741272861825)
2025-03-24 08:57:12,978 [FATAL] Updater:351 - Updater called before beeing initialized
2025-03-24 08:57:13,020 [WARN] DetailPanel:346 - Failed to get advertising image, set to default
2025-03-24 08:57:13,334 [FATAL] Updater:351 - Updater called before beeing initialized
2025-03-24 08:57:13,336 [FATAL] Updater:351 - Updater called before beeing initialized
2025-03-24 08:57:13,336 [FATAL] Updater:351 - Updater called before beeing initialized
2025-03-24 08:57:13,336 [WARN] DetailPanel:346 - Failed to get advertising image, set to default
2025-03-24 08:57:13,337 [FATAL] Updater:351 - Updater called before beeing initialized
2025-03-24 08:57:13,392 [ERROR] Updater:1198 - MainUpdater not yet initialized. External WinMGr cannot be set.
2025-03-24 08:57:13,394 [INFO] Updater:1134 - Updater Version found : 6.14.0
2025-03-24 08:57:13,408 [INFO] ApplicationProperties:184 - Using Application install path: C:\ST\STM32CubeIDE_1.18.0\STM32CubeIDE\plugins\com.st.stm32cube.common.mx_6.14.0.202502271554
2025-03-24 08:57:14,791 [INFO] ThirdPartyUpdaterWithRetryManager:70 - Updater plugin not ready yet. [2/15]
2025-03-24 08:57:14,982 [ERROR] LogOutputStream:75 - [STDERR_REDIRECT] Mar 24, 2025 8:57:14 AM java.util.prefs.WindowsPreferences <init>
2025-03-24 08:57:14,984 [ERROR] LogOutputStream:75 - [STDERR_REDIRECT] WARNING: Could not open/create prefs root node Software\JavaSoft\Prefs at root 0xffffffff80000002. Windows RegCreateKeyEx(...) returned error code 5.
2025-03-24 08:57:14,984 [ERROR] LogOutputStream:75 - [STDERR_REDIRECT] 
2025-03-24 08:57:15,273 [INFO] MainUpdater:2872 - connection check result : 10
2025-03-24 08:57:15,275 [INFO] MainUpdater:289 - Updater Check For Update Now.
2025-03-24 08:57:15,276 [INFO] MicroXplorer:498 - Change Database Version : DB.6.0.140
2025-03-24 08:57:15,292 [INFO] McuFinderGlobals:63 - Set McuFinder mode to 2 (CubeIDE integrated)
2025-03-24 08:57:15,294 [INFO] UserAuth:486 - Internet connection configuration mode: 1
2025-03-24 08:57:15,334 [INFO] JxBrowserEngine:152 - Initiate JxBrowser Engine with user profile folder
2025-03-24 08:57:15,500 [INFO] CheckServerUpdateThread:120 - End of CheckServer Thread
2025-03-24 08:57:16,002 [INFO] WebApp:169 - Instantiating new browser for Auth
2025-03-24 08:57:16,882 [INFO] WebApp:463 - Apply proxy settings
2025-03-24 08:57:16,883 [INFO] WebApp:548 - Chromium requires no authentication
2025-03-24 08:57:16,891 [INFO] WebApp:491 - Direct internet connection detected
2025-03-24 08:57:16,914 [INFO] WebApp:894 - Register for checkConnection events
2025-03-24 08:57:16,914 [INFO] WebApp:463 - Apply proxy settings
2025-03-24 08:57:16,914 [INFO] WebApp:548 - Chromium requires no authentication
2025-03-24 08:57:16,915 [INFO] WebApp:491 - Direct internet connection detected
2025-03-24 08:57:17,043 [INFO] WebApp:191 - Connection restablished
2025-03-24 08:57:17,123 [INFO] WebApp:225 - Starting web application
2025-03-24 08:57:17,124 [INFO] WebApp:593 - Web application path used C:\ST\STM32CubeIDE_1.18.0\STM32CubeIDE\plugins\com.st.stm32cube.common.mx_6.14.0.202502271554\db\plugins\mcufinder\reactClient1\index.html
2025-03-24 08:57:17,290 [INFO] UserAuth:486 - Internet connection configuration mode: 1
2025-03-24 08:57:18,074 [WARN] PackLoader:240 - Cannot read IP mode file for STMicroelectronics.FP-SNS-MOTENVWB1.1.4.0
2025-03-24 08:57:18,093 [WARN] PackLoader:240 - Cannot read IP mode file for STMicroelectronics.FP-ATR-ASTRA1.2.0.2
2025-03-24 08:57:18,105 [WARN] PackLoader:240 - Cannot read IP mode file for STMicroelectronics.X-CUBE-SMBUS.2.1.0
2025-03-24 08:57:18,114 [WARN] PackLoader:240 - Cannot read IP mode file for STMicroelectronics.X-CUBE-WB05N.1.1.0
2025-03-24 08:57:18,155 [WARN] PackLoader:240 - Cannot read IP mode file for STMicroelectronics.X-CUBE-AZRTOS-F7.1.1.0
2025-03-24 08:57:18,191 [WARN] PackLoader:240 - Cannot read IP mode file for Infineon.AIROC-Wi-Fi-Bluetooth-STM32.1.7.0
2025-03-24 08:57:18,207 [WARN] PackLoader:240 - Cannot read IP mode file for STMicroelectronics.X-CUBE-DISPLAY.3.0.0
2025-03-24 08:57:18,220 [WARN] PackLoader:240 - Cannot read IP mode file for STMicroelectronics.X-CUBE-NFC10.1.0.0
2025-03-24 08:57:18,239 [WARN] PackLoader:240 - Cannot read IP mode file for STMicroelectronics.X-CUBE-BLEMGR.4.0.0
2025-03-24 08:57:18,252 [WARN] PackLoader:240 - Cannot read IP mode file for emotas.I-CUBE-CANOPEN.1.3.0
2025-03-24 08:57:18,259 [WARN] ConditionMgr:438 - getConditionDescription Invalid condition id : Cortex-A Device cause : null
2025-03-24 08:57:18,278 [WARN] ConditionMgr:1044 - genDependencies : Invalid condition id : Cortex-A Device cause : null
2025-03-24 08:57:18,279 [WARN] ConditionMgr:1044 - genDependencies : Invalid condition id : Cortex-A Device cause : null
2025-03-24 08:57:18,279 [WARN] ConditionMgr:1044 - genDependencies : Invalid condition id : Cortex-A Device cause : null
2025-03-24 08:57:18,286 [WARN] PackLoader:240 - Cannot read IP mode file for STMicroelectronics.X-CUBE-AI.10.0.0
2025-03-24 08:57:18,294 [WARN] PackLoader:240 - Cannot read IP mode file for STMicroelectronics.FP-SNS-SMARTAG2.1.2.0
2025-03-24 08:57:18,304 [WARN] PackLoader:240 - Cannot read IP mode file for STMicroelectronics.FP-SNS-FLIGHT1.5.1.0
2025-03-24 08:57:18,402 [WARN] PackLoader:240 - Cannot read IP mode file for STMicroelectronics.X-CUBE-MEMS1.11.1.0
2025-03-24 08:57:18,727 [INFO] LogOutputStream:77 - [STDOUT_REDIRECT] 1 : Invalid condition id : UX_CORESTACK_Condition cause : null
2025-03-24 08:57:18,729 [INFO] LogOutputStream:77 - [STDOUT_REDIRECT] 1 : Invalid condition id : UX_CORESTACK_Condition cause : null
2025-03-24 08:57:18,732 [INFO] LogOutputStream:77 - [STDOUT_REDIRECT] 1 : Invalid condition id : UX_CORESTACK_Condition cause : null
2025-03-24 08:57:18,735 [INFO] LogOutputStream:77 - [STDOUT_REDIRECT] 1 : Invalid condition id : UX_CORESTACK_Condition cause : null
2025-03-24 08:57:18,738 [INFO] LogOutputStream:77 - [STDOUT_REDIRECT] 1 : Invalid condition id : UX_CORESTACK_Condition cause : null
2025-03-24 08:57:18,742 [WARN] PackLoader:240 - Cannot read IP mode file for STMicroelectronics.X-CUBE-AZRTOS-WL.2.0.0
2025-03-24 08:57:18,750 [WARN] PackLoader:240 - Cannot read IP mode file for STMicroelectronics.FP-SNS-MOTENV1.5.0.0
2025-03-24 08:57:18,763 [WARN] PackLoader:240 - Cannot read IP mode file for WES.I-CUBE-Cesium.1.3.0
2025-03-24 08:57:18,769 [WARN] PackLoader:240 - Cannot read IP mode file for STMicroelectronics.X-CUBE-BLE2.3.3.0
2025-03-24 08:57:18,777 [WARN] PackLoader:240 - Cannot read IP mode file for STMicroelectronics.X-CUBE-NFC9.1.0.0
2025-03-24 08:57:18,785 [WARN] PackLoader:240 - Cannot read IP mode file for STMicroelectronics.X-CUBE-BLE1.7.1.0
2025-03-24 08:57:18,796 [WARN] PackLoader:240 - Cannot read IP mode file for wolfSSL.I-CUBE-wolfMQTT.1.19.2
2025-03-24 08:57:18,813 [WARN] PackLoader:240 - Cannot read IP mode file for STMicroelectronics.X-CUBE-AZRTOS-G0.1.1.0
2025-03-24 08:57:18,822 [WARN] PackLoader:240 - Cannot read IP mode file for STMicroelectronics.X-CUBE-SAFEA1.1.2.2
2025-03-24 08:57:18,829 [WARN] PackLoader:240 - Cannot read IP mode file for STMicroelectronics.X-CUBE-NFC4.3.0.0
2025-03-24 08:57:18,840 [WARN] PackLoader:240 - Cannot read IP mode file for EmbeddedOffice.I-CUBE-FS-RTOS.1.0.1
2025-03-24 08:57:18,868 [WARN] PackLoader:240 - Cannot read IP mode file for wolfSSL.I-CUBE-wolfTPM.3.8.0
2025-03-24 08:57:18,876 [WARN] PackLoader:240 - Cannot read IP mode file for STMicroelectronics.X-CUBE-TCPP.4.2.0
2025-03-24 08:57:18,899 [WARN] PackLoader:240 - Cannot read IP mode file for RealThread.X-CUBE-RT-Thread_Nano.4.1.1
2025-03-24 08:57:18,904 [WARN] PackLoader:240 - Cannot read IP mode file for STMicroelectronics.FP-ATR-SIGFOX1.3.2.0
2025-03-24 08:57:18,910 [WARN] PackLoader:240 - Cannot read IP mode file for STMicroelectronics.X-CUBE-EEPRMA1.5.1.0
2025-03-24 08:57:18,917 [WARN] PackLoader:240 - Cannot read IP mode file for wolfSSL.I-CUBE-wolfSSL.5.7.6
2025-03-24 08:57:18,925 [WARN] PackLoader:240 - Cannot read IP mode file for ITTIA_DB.I-CUBE-ITTIADB.8.9.0
2025-03-24 08:57:18,964 [WARN] PackLoader:240 - Cannot read IP mode file for SEGGER.I-CUBE-embOS.1.3.1
2025-03-24 08:57:19,026 [WARN] PackLoader:240 - Cannot read IP mode file for STMicroelectronics.X-CUBE-ALGOBUILD.1.4.0
2025-03-24 08:57:19,055 [WARN] PackLoader:240 - Cannot read IP mode file for STMicroelectronics.X-CUBE-AZRTOS-F4.1.1.0
2025-03-24 08:57:19,067 [WARN] PackLoader:240 - Cannot read IP mode file for STMicroelectronics.X-CUBE-ISPU.2.1.0
2025-03-24 08:57:19,089 [WARN] PackLoader:240 - Cannot read IP mode file for STMicroelectronics.X-CUBE-AZRTOS-L5.2.0.0
2025-03-24 08:57:19,099 [WARN] PackLoader:240 - Cannot read IP mode file for STMicroelectronics.X-CUBE-NFC6.3.1.0
2025-03-24 08:57:19,107 [WARN] PackLoader:240 - Cannot read IP mode file for STMicroelectronics.X-CUBE-DPower.1.2.0
2025-03-24 08:57:19,115 [WARN] PackLoader:240 - Cannot read IP mode file for STMicroelectronics.X-CUBE-FREERTOS.1.3.0
2025-03-24 08:57:19,121 [WARN] PackLoader:240 - Cannot read IP mode file for STMicroelectronics.X-CUBE-NFC7.1.0.1
2025-03-24 08:57:19,162 [WARN] ConditionMgr:438 - getConditionDescription Invalid condition id : LAN8742 Phy interface Condition cause : null
2025-03-24 08:57:19,165 [WARN] PackLoader:240 - Cannot read IP mode file for STMicroelectronics.X-CUBE-AZRTOS-L4.2.0.0
2025-03-24 08:57:19,166 [WARN] ConditionMgr:1044 - genDependencies : Invalid condition id : LAN8742 Phy interface Condition cause : null
2025-03-24 08:57:19,166 [WARN] ConditionMgr:1044 - genDependencies : Invalid condition id : LAN8742 Phy interface Condition cause : null
2025-03-24 08:57:19,167 [WARN] ConditionMgr:1044 - genDependencies : Invalid condition id : LAN8742 Phy interface Condition cause : null
2025-03-24 08:57:19,175 [WARN] PackLoader:240 - Cannot read IP mode file for STMicroelectronics.X-CUBE-SFXS2LP1.4.0.0
2025-03-24 08:57:19,197 [WARN] PackLoader:240 - Cannot read IP mode file for STMicroelectronics.X-CUBE-AZRTOS-H7.3.3.0
2025-03-24 08:57:19,225 [WARN] ConditionMgr:438 - getConditionDescription Invalid condition id : UX DEVICE CLASS RTOS Condition cause : null
2025-03-24 08:57:19,225 [WARN] ConditionMgr:438 - getConditionDescription Invalid condition id : UX DEVICE CLASS RTOS Condition cause : null
2025-03-24 08:57:19,228 [WARN] PackLoader:240 - Cannot read IP mode file for STMicroelectronics.X-CUBE-AZRTOS-WB.2.0.0
2025-03-24 08:57:19,229 [WARN] ConditionMgr:1044 - genDependencies : Invalid condition id : UX DEVICE CLASS RTOS Condition cause : null
2025-03-24 08:57:19,229 [WARN] ConditionMgr:1044 - genDependencies : Invalid condition id : UX DEVICE CLASS RTOS Condition cause : null
2025-03-24 08:57:19,230 [WARN] ConditionMgr:1044 - genDependencies : Invalid condition id : UX DEVICE CLASS RTOS Condition cause : null
2025-03-24 08:57:19,230 [WARN] ConditionMgr:1044 - genDependencies : Invalid condition id : UX DEVICE CLASS RTOS Condition cause : null
2025-03-24 08:57:19,230 [WARN] ConditionMgr:1044 - genDependencies : Invalid condition id : UX DEVICE CLASS RTOS Condition cause : null
2025-03-24 08:57:19,237 [WARN] PackLoader:240 - Cannot read IP mode file for STMicroelectronics.X-CUBE-GNSS1.7.0.1
2025-03-24 08:57:19,243 [WARN] PackLoader:240 - Cannot read IP mode file for STMicroelectronics.X-CUBE-TOUCHGFX.4.25.0
2025-03-24 08:57:19,252 [WARN] PackLoader:240 - Cannot read IP mode file for STMicroelectronics.FP-SNS-STBOX1.2.0.0
2025-03-24 08:57:19,271 [WARN] PackLoader:240 - Cannot read IP mode file for STMicroelectronics.X-CUBE-SUBG2.5.0.0
2025-03-24 08:57:19,293 [WARN] PackLoader:240 - Cannot read IP mode file for STMicroelectronics.X-CUBE-AZRTOS-H7RS.1.1.0
2025-03-24 08:57:19,300 [WARN] PackLoader:240 - Cannot read IP mode file for Cesanta.I-CUBE-Mongoose.7.13.0
2025-03-24 08:57:19,313 [WARN] PackLoader:240 - Cannot read IP mode file for STMicroelectronics.X-CUBE-AZRTOS-G4.2.0.0
2025-03-24 08:57:19,318 [WARN] PackLoader:240 - Cannot read IP mode file for wolfSSL.I-CUBE-wolfSSH.1.4.20
2025-03-24 08:57:19,330 [WARN] PackLoader:240 - Cannot read IP mode file for STMicroelectronics.X-CUBE-IPS.3.1.0
2025-03-24 08:57:19,339 [WARN] PackLoader:240 - Cannot read IP mode file for STMicroelectronics.X-CUBE-ALS.1.0.2
2025-03-24 08:57:19,345 [WARN] PackLoader:240 - Cannot read IP mode file for portGmbH.I-Cube-SoM-uGOAL.1.1.0
2025-03-24 08:57:19,360 [WARN] PackLoader:240 - Cannot read IP mode file for STMicroelectronics.X-CUBE-AZRTOS-H7RS.1.0.0
2025-03-24 08:57:19,376 [WARN] PackLoader:240 - Cannot read IP mode file for STMicroelectronics.X-CUBE-TOF1.3.4.2
2025-03-24 08:57:19,387 [INFO] ThirdParty:978 - Integrity check success = true
2025-03-24 08:57:19,388 [INFO] IntegrityCheckThread:100 - exiting critical section [integrity check]
2025-03-24 08:57:19,388 [INFO] IntegrityCheckThread:103 - End integrity checks thread
2025-03-24 08:57:41,430 [ERROR] LogOutputStream:75 - [STDERR_REDIRECT] 
2025-03-24 08:57:41,432 [ERROR] LogOutputStream:75 - [STDERR_REDIRECT] 
